 Consume TimeŁş15 ms 2026-05-13 15:02:13
 Execute SQLŁşSELECT 1

 Consume TimeŁş2 ms 2026-05-13 15:02:13
 Execute SQLŁşSELECT id,username,password,nickname,avatar,bio,website,github_home,gitee_home,csdn_home,zhihu_home,create_time,update_time,is_deleted FROM t_user WHERE (username = 'admin1' AND is_deleted = 0)

 Consume TimeŁş1 ms 2026-05-13 15:02:13
 Execute SQLŁşSELECT id,username,role,create_time FROM t_user_role WHERE (username = 'admin1')

 Consume TimeŁş0 ms 2026-05-13 15:02:13
 Execute SQLŁşSELECT id,username,password,nickname,avatar,bio,website,github_home,gitee_home,csdn_home,zhihu_home,create_time,update_time,is_deleted FROM t_user WHERE (username = 'admin1' AND is_deleted = 0)

 Consume TimeŁş0 ms 2026-05-13 15:02:13
 Execute SQLŁşSELECT id,username,role,create_time FROM t_user_role WHERE (username = 'admin1')

 Consume TimeŁş9 ms 2026-05-13 15:02:13
 Execute SQLŁşINSERT INTO t_visitor_record ( visitor, ip_address, ip_region, visit_time, is_notify ) VALUES ( 'agent', '10.30.147.161', 'Reserved-Reserved', '2026-05-13T15:02:13.932+0800', 0 )

 Consume TimeŁş0 ms 2026-05-13 15:02:13
 Execute SQLŁşSELECT id,username,password,nickname,avatar,bio,website,github_home,gitee_home,csdn_home,zhihu_home,create_time,update_time,is_deleted FROM t_user WHERE (username = 'admin1' AND is_deleted = 0)

 Consume TimeŁş14 ms 2026-05-13 15:02:13
 Execute SQLŁşSELECT id,user_id,article_id,title,content,title_image,description,category_id,tags,visibility,create_time,update_time FROM t_article_draft WHERE (user_id = 1 AND article_id IS NULL) ORDER BY update_time DESC,id DESC

 Consume TimeŁş0 ms 2026-05-13 15:04:02
 Execute SQLŁşSELECT 1

 Consume TimeŁş0 ms 2026-05-13 15:04:03
 Execute SQLŁşSELECT id,username,password,nickname,avatar,bio,website,github_home,gitee_home,csdn_home,zhihu_home,create_time,update_time,is_deleted FROM t_user WHERE (username = 'admin1' AND is_deleted = 0)

 Consume TimeŁş1 ms 2026-05-13 15:04:03
 Execute SQLŁşSELECT id,username,role,create_time FROM t_user_role WHERE (username = 'admin1')

 Consume TimeŁş1 ms 2026-05-13 15:04:03
 Execute SQLŁşSELECT id,username,password,nickname,avatar,bio,website,github_home,gitee_home,csdn_home,zhihu_home,create_time,update_time,is_deleted FROM t_user WHERE (username = 'admin1' AND is_deleted = 0)

 Consume TimeŁş1 ms 2026-05-13 15:04:03
 Execute SQLŁşSELECT id,username,role,create_time FROM t_user_role WHERE (username = 'admin1')

 Consume TimeŁş0 ms 2026-05-13 15:04:03
 Execute SQLŁşSELECT id,username,password,nickname,avatar,bio,website,github_home,gitee_home,csdn_home,zhihu_home,create_time,update_time,is_deleted FROM t_user WHERE (username = 'admin1' AND is_deleted = 0)

 Consume TimeŁş3 ms 2026-05-13 15:04:03
 Execute SQLŁşSELECT id,user_id,article_id,title,content,title_image,description,category_id,tags,visibility,create_time,update_time FROM t_article_draft WHERE (user_id = 1 AND article_id IS NULL) ORDER BY update_time DESC,id DESC

 Consume TimeŁş3 ms 2026-05-13 15:04:03
 Execute SQLŁşUPDATE t_article_draft SET user_id=1, title='verify-draft', content='verify-content', title_image='', description='verify-desc', tags='101,102', visibility='PRIVATE', update_time='2026-05-13T15:04:03.251+0800' WHERE id=2

 Consume TimeŁş3 ms 2026-05-13 15:04:03
 Execute SQLŁşDELETE FROM t_article_draft WHERE id=1

 Consume TimeŁş0 ms 2026-05-13 15:04:50
 Execute SQLŁşSELECT 1

 Consume TimeŁş1 ms 2026-05-13 15:04:50
 Execute SQLŁşSELECT id,username,password,nickname,avatar,bio,website,github_home,gitee_home,csdn_home,zhihu_home,create_time,update_time,is_deleted FROM t_user WHERE (username = 'admin' AND is_deleted = 0)

 Consume TimeŁş0 ms 2026-05-13 15:04:50
 Execute SQLŁşSELECT id,username,role,create_time FROM t_user_role WHERE (username = 'admin')

 Consume TimeŁş1 ms 2026-05-13 15:04:50
 Execute SQLŁşSELECT id,username,password,nickname,avatar,bio,website,github_home,gitee_home,csdn_home,zhihu_home,create_time,update_time,is_deleted FROM t_user WHERE (username = 'admin' AND is_deleted = 0)

 Consume TimeŁş0 ms 2026-05-13 15:04:50
 Execute SQLŁşSELECT 1

 Consume TimeŁş0 ms 2026-05-13 15:04:50
 Execute SQLŁşSELECT id,username,password,nickname,avatar,bio,website,github_home,gitee_home,csdn_home,zhihu_home,create_time,update_time,is_deleted FROM t_user WHERE (username = 'admin' AND is_deleted = 0)

 Consume TimeŁş0 ms 2026-05-13 15:04:50
 Execute SQLŁşSELECT 1

 Consume TimeŁş1 ms 2026-05-13 15:04:50
 Execute SQLŁşSELECT id,username,password,nickname,avatar,bio,website,github_home,gitee_home,csdn_home,zhihu_home,create_time,update_time,is_deleted FROM t_user WHERE (username = 'admin' AND is_deleted = 0)

 Consume TimeŁş1 ms 2026-05-13 15:04:50
 Execute SQLŁşSELECT id,username,password,nickname,avatar,bio,website,github_home,gitee_home,csdn_home,zhihu_home,create_time,update_time,is_deleted FROM t_user WHERE (username = 'admin' AND is_deleted = 0)

 Consume TimeŁş1 ms 2026-05-13 15:04:50
 Execute SQLŁşSELECT id,username,role,create_time FROM t_user_role WHERE (username = 'admin')

 Consume TimeŁş1 ms 2026-05-13 15:04:50
 Execute SQLŁşSELECT id,username,role,create_time FROM t_user_role WHERE (username = 'admin')

 Consume TimeŁş1 ms 2026-05-13 15:04:50
 Execute SQLŁşSELECT id,username,role,create_time FROM t_user_role WHERE (username = 'admin')

 Consume TimeŁş1 ms 2026-05-13 15:04:50
 Execute SQLŁşSELECT id,username,password,nickname,avatar,bio,website,github_home,gitee_home,csdn_home,zhihu_home,create_time,update_time,is_deleted FROM t_user WHERE (username = 'admin' AND is_deleted = 0)

 Consume TimeŁş1 ms 2026-05-13 15:04:50
 Execute SQLŁşSELECT id,username,password,nickname,avatar,bio,website,github_home,gitee_home,csdn_home,zhihu_home,create_time,update_time,is_deleted FROM t_user WHERE (username = 'admin' AND is_deleted = 0)

 Consume TimeŁş1 ms 2026-05-13 15:04:50
 Execute SQLŁşSELECT id,user_id,usage_date,article_gen_count,token_used,last_interaction_time FROM t_ai_usage_record WHERE (user_id = 3 AND usage_date = '2026-05-13T00:00:00.000+0800')

 Consume TimeŁş1 ms 2026-05-13 15:04:50
 Execute SQLŁşSELECT id,username,password,nickname,avatar,bio,website,github_home,gitee_home,csdn_home,zhihu_home,create_time,update_time,is_deleted FROM t_user WHERE (username = 'admin' AND is_deleted = 0)

 Consume TimeŁş2 ms 2026-05-13 15:04:50
 Execute SQLŁşSELECT id,user_id,name,create_time,update_time,is_deleted FROM t_category WHERE (user_id = 3 AND is_deleted = 0) ORDER BY create_time DESC

 Consume TimeŁş2 ms 2026-05-13 15:04:50
 Execute SQLŁşSELECT id,user_id,name,create_time,update_time,is_deleted FROM t_tag WHERE (user_id = 3 AND is_deleted = 0)

 Consume TimeŁş0 ms 2026-05-13 15:04:59
 Execute SQLŁşSELECT 1

 Consume TimeŁş0 ms 2026-05-13 15:04:59
 Execute SQLŁşSELECT id,username,password,nickname,avatar,bio,website,github_home,gitee_home,csdn_home,zhihu_home,create_time,update_time,is_deleted FROM t_user WHERE (username = 'admin' AND is_deleted = 0)

 Consume TimeŁş0 ms 2026-05-13 15:04:59
 Execute SQLŁşSELECT id,username,role,create_time FROM t_user_role WHERE (username = 'admin')

 Consume TimeŁş0 ms 2026-05-13 15:04:59
 Execute SQLŁşSELECT id,username,password,nickname,avatar,bio,website,github_home,gitee_home,csdn_home,zhihu_home,create_time,update_time,is_deleted FROM t_user WHERE (username = 'admin' AND is_deleted = 0)

 Consume TimeŁş0 ms 2026-05-13 15:04:59
 Execute SQLŁşSELECT id,username,password,nickname,avatar,bio,website,github_home,gitee_home,csdn_home,zhihu_home,create_time,update_time,is_deleted FROM t_user WHERE (username = 'admin' AND is_deleted = 0)

 Consume TimeŁş0 ms 2026-05-13 15:04:59
 Execute SQLŁşSELECT id,username,role,create_time FROM t_user_role WHERE (username = 'admin')

 Consume TimeŁş1 ms 2026-05-13 15:04:59
 Execute SQLŁşSELECT id,username,password,nickname,avatar,bio,website,github_home,gitee_home,csdn_home,zhihu_home,create_time,update_time,is_deleted FROM t_user WHERE (username = 'admin' AND is_deleted = 0)

 Consume TimeŁş0 ms 2026-05-13 15:04:59
 Execute SQLŁşSELECT id,username,password,nickname,avatar,bio,website,github_home,gitee_home,csdn_home,zhihu_home,create_time,update_time,is_deleted FROM t_user WHERE (username = 'admin' AND is_deleted = 0)

 Consume TimeŁş0 ms 2026-05-13 15:04:59
 Execute SQLŁşSELECT id,username,role,create_time FROM t_user_role WHERE (username = 'admin')

 Consume TimeŁş0 ms 2026-05-13 15:04:59
 Execute SQLŁşSELECT id,username,password,nickname,avatar,bio,website,github_home,gitee_home,csdn_home,zhihu_home,create_time,update_time,is_deleted FROM t_user WHERE (username = 'admin' AND is_deleted = 0)

 Consume TimeŁş1 ms 2026-05-13 15:04:59
 Execute SQLŁşSELECT id,username,password,nickname,avatar,bio,website,github_home,gitee_home,csdn_home,zhihu_home,create_time,update_time,is_deleted FROM t_user WHERE (username = 'admin' AND is_deleted = 0)

 Consume TimeŁş0 ms 2026-05-13 15:04:59
 Execute SQLŁşSELECT id,username,role,create_time FROM t_user_role WHERE (username = 'admin')

 Consume TimeŁş0 ms 2026-05-13 15:04:59
 Execute SQLŁşSELECT id,username,password,nickname,avatar,bio,website,github_home,gitee_home,csdn_home,zhihu_home,create_time,update_time,is_deleted FROM t_user WHERE (username = 'admin' AND is_deleted = 0)

 Consume TimeŁş1 ms 2026-05-13 15:04:59
 Execute SQLŁşSELECT id,user_id,usage_date,article_gen_count,token_used,last_interaction_time FROM t_ai_usage_record WHERE (user_id = 3 AND usage_date = '2026-05-13T00:00:00.000+0800')

 Consume TimeŁş0 ms 2026-05-13 15:04:59
 Execute SQLŁşSELECT 1

 Consume TimeŁş0 ms 2026-05-13 15:04:59
 Execute SQLŁşSELECT id,username,password,nickname,avatar,bio,website,github_home,gitee_home,csdn_home,zhihu_home,create_time,update_time,is_deleted FROM t_user WHERE (username = 'admin' AND is_deleted = 0)

 Consume TimeŁş0 ms 2026-05-13 15:04:59
 Execute SQLŁşSELECT id,username,password,nickname,avatar,bio,website,github_home,gitee_home,csdn_home,zhihu_home,create_time,update_time,is_deleted FROM t_user WHERE (username = 'admin' AND is_deleted = 0)

 Consume TimeŁş0 ms 2026-05-13 15:04:59
 Execute SQLŁşSELECT id,username,role,create_time FROM t_user_role WHERE (username = 'admin')

 Consume TimeŁş0 ms 2026-05-13 15:04:59
 Execute SQLŁşSELECT id,username,role,create_time FROM t_user_role WHERE (username = 'admin')

 Consume TimeŁş0 ms 2026-05-13 15:04:59
 Execute SQLŁşSELECT id,username,password,nickname,avatar,bio,website,github_home,gitee_home,csdn_home,zhihu_home,create_time,update_time,is_deleted FROM t_user WHERE (username = 'admin' AND is_deleted = 0)

 Consume TimeŁş0 ms 2026-05-13 15:04:59
 Execute SQLŁşSELECT id,username,password,nickname,avatar,bio,website,github_home,gitee_home,csdn_home,zhihu_home,create_time,update_time,is_deleted FROM t_user WHERE (username = 'admin' AND is_deleted = 0)

 Consume TimeŁş0 ms 2026-05-13 15:04:59
 Execute SQLŁşSELECT id,user_id,name,create_time,update_time,is_deleted FROM t_category WHERE (user_id = 3 AND is_deleted = 0) ORDER BY create_time DESC

 Consume TimeŁş0 ms 2026-05-13 15:04:59
 Execute SQLŁşSELECT id,user_id,name,create_time,update_time,is_deleted FROM t_tag WHERE (user_id = 3 AND is_deleted = 0)

 Consume TimeŁş0 ms 2026-05-13 15:05:02
 Execute SQLŁşSELECT 1

 Consume TimeŁş0 ms 2026-05-13 15:05:02
 Execute SQLŁşSELECT id,username,password,nickname,avatar,bio,website,github_home,gitee_home,csdn_home,zhihu_home,create_time,update_time,is_deleted FROM t_user WHERE (username = 'admin' AND is_deleted = 0)

 Consume TimeŁş1 ms 2026-05-13 15:05:02
 Execute SQLŁşSELECT id,username,role,create_time FROM t_user_role WHERE (username = 'admin')

 Consume TimeŁş0 ms 2026-05-13 15:05:02
 Execute SQLŁşSELECT id,username,password,nickname,avatar,bio,website,github_home,gitee_home,csdn_home,zhihu_home,create_time,update_time,is_deleted FROM t_user WHERE (username = 'admin' AND is_deleted = 0)

 Consume TimeŁş0 ms 2026-05-13 15:05:02
 Execute SQLŁşSELECT 1

 Consume TimeŁş1 ms 2026-05-13 15:05:02
 Execute SQLŁşSELECT id,username,password,nickname,avatar,bio,website,github_home,gitee_home,csdn_home,zhihu_home,create_time,update_time,is_deleted FROM t_user WHERE (username = 'admin' AND is_deleted = 0)

 Consume TimeŁş0 ms 2026-05-13 15:05:02
 Execute SQLŁşSELECT id,username,role,create_time FROM t_user_role WHERE (username = 'admin')

 Consume TimeŁş1 ms 2026-05-13 15:05:02
 Execute SQLŁşSELECT id,username,password,nickname,avatar,bio,website,github_home,gitee_home,csdn_home,zhihu_home,create_time,update_time,is_deleted FROM t_user WHERE (username = 'admin' AND is_deleted = 0)

 Consume TimeŁş1 ms 2026-05-13 15:05:02
 Execute SQLŁşSELECT id,user_id,article_id,title,content,title_image,description,category_id,tags,visibility,create_time,update_time FROM t_article_draft WHERE (user_id = 3) ORDER BY update_time DESC

 Consume TimeŁş0 ms 2026-05-13 15:05:03
 Execute SQLŁşSELECT 1

 Consume TimeŁş0 ms 2026-05-13 15:05:03
 Execute SQLŁşSELECT id,username,password,nickname,avatar,bio,website,github_home,gitee_home,csdn_home,zhihu_home,create_time,update_time,is_deleted FROM t_user WHERE (username = 'admin' AND is_deleted = 0)

 Consume TimeŁş0 ms 2026-05-13 15:05:03
 Execute SQLŁşSELECT id,username,role,create_time FROM t_user_role WHERE (username = 'admin')

 Consume TimeŁş0 ms 2026-05-13 15:05:03
 Execute SQLŁşSELECT id,username,password,nickname,avatar,bio,website,github_home,gitee_home,csdn_home,zhihu_home,create_time,update_time,is_deleted FROM t_user WHERE (username = 'admin' AND is_deleted = 0)

 Consume TimeŁş0 ms 2026-05-13 15:05:04
 Execute SQLŁşSELECT 1

 Consume TimeŁş0 ms 2026-05-13 15:05:04
 Execute SQLŁşSELECT id,username,password,nickname,avatar,bio,website,github_home,gitee_home,csdn_home,zhihu_home,create_time,update_time,is_deleted FROM t_user WHERE (username = 'admin' AND is_deleted = 0)

 Consume TimeŁş0 ms 2026-05-13 15:05:04
 Execute SQLŁşSELECT 1

 Consume TimeŁş0 ms 2026-05-13 15:05:04
 Execute SQLŁşSELECT id,username,password,nickname,avatar,bio,website,github_home,gitee_home,csdn_home,zhihu_home,create_time,update_time,is_deleted FROM t_user WHERE (username = 'admin' AND is_deleted = 0)

 Consume TimeŁş0 ms 2026-05-13 15:05:04
 Execute SQLŁşSELECT id,username,password,nickname,avatar,bio,website,github_home,gitee_home,csdn_home,zhihu_home,create_time,update_time,is_deleted FROM t_user WHERE (username = 'admin' AND is_deleted = 0)

 Consume TimeŁş0 ms 2026-05-13 15:05:04
 Execute SQLŁşSELECT id,username,role,create_time FROM t_user_role WHERE (username = 'admin')

 Consume TimeŁş0 ms 2026-05-13 15:05:04
 Execute SQLŁşSELECT id,username,role,create_time FROM t_user_role WHERE (username = 'admin')

 Consume TimeŁş0 ms 2026-05-13 15:05:04
 Execute SQLŁşSELECT id,username,role,create_time FROM t_user_role WHERE (username = 'admin')

 Consume TimeŁş1 ms 2026-05-13 15:05:04
 Execute SQLŁşSELECT id,username,password,nickname,avatar,bio,website,github_home,gitee_home,csdn_home,zhihu_home,create_time,update_time,is_deleted FROM t_user WHERE (username = 'admin' AND is_deleted = 0)

 Consume TimeŁş1 ms 2026-05-13 15:05:04
 Execute SQLŁşSELECT id,username,password,nickname,avatar,bio,website,github_home,gitee_home,csdn_home,zhihu_home,create_time,update_time,is_deleted FROM t_user WHERE (username = 'admin' AND is_deleted = 0)

 Consume TimeŁş0 ms 2026-05-13 15:05:04
 Execute SQLŁşSELECT id,user_id,name,create_time,update_time,is_deleted FROM t_category WHERE (user_id = 3 AND is_deleted = 0) ORDER BY create_time DESC

 Consume TimeŁş0 ms 2026-05-13 15:05:04
 Execute SQLŁşSELECT id,user_id,name,create_time,update_time,is_deleted FROM t_tag WHERE (user_id = 3 AND is_deleted = 0)

 Consume TimeŁş1 ms 2026-05-13 15:05:04
 Execute SQLŁşSELECT id,username,password,nickname,avatar,bio,website,github_home,gitee_home,csdn_home,zhihu_home,create_time,update_time,is_deleted FROM t_user WHERE (username = 'admin' AND is_deleted = 0)

 Consume TimeŁş1 ms 2026-05-13 15:05:04
 Execute SQLŁşSELECT COUNT(*) AS total FROM t_article WHERE (user_id = 3 AND is_deleted = 0 AND title LIKE '%%')

 Consume TimeŁş0 ms 2026-05-13 15:05:04
 Execute SQLŁşSELECT id,user_id,title,title_image,description,visibility,create_time,update_time,is_deleted,read_num,like_num,favorite_num FROM t_article WHERE (user_id = 3 AND is_deleted = 0 AND title LIKE '%%') ORDER BY create_time DESC LIMIT 10

 Consume TimeŁş0 ms 2026-05-13 15:05:04
 Execute SQLŁşSELECT id,username,password,nickname,avatar,bio,website,github_home,gitee_home,csdn_home,zhihu_home,create_time,update_time,is_deleted FROM t_user WHERE (username = 'admin' AND is_deleted = 0)

 Consume TimeŁş0 ms 2026-05-13 15:05:04
 Execute SQLŁşSELECT id,username,role,create_time FROM t_user_role WHERE (username = 'admin')

 Consume TimeŁş1 ms 2026-05-13 15:05:04
 Execute SQLŁşSELECT id,username,password,nickname,avatar,bio,website,github_home,gitee_home,csdn_home,zhihu_home,create_time,update_time,is_deleted FROM t_user WHERE (username = 'admin' AND is_deleted = 0)

 Consume TimeŁş0 ms 2026-05-13 15:05:04
 Execute SQLŁşSELECT id,username,password,nickname,avatar,bio,website,github_home,gitee_home,csdn_home,zhihu_home,create_time,update_time,is_deleted FROM t_user WHERE (username = 'admin' AND is_deleted = 0)

 Consume TimeŁş0 ms 2026-05-13 15:05:04
 Execute SQLŁşSELECT id,username,role,create_time FROM t_user_role WHERE (username = 'admin')

 Consume TimeŁş0 ms 2026-05-13 15:05:04
 Execute SQLŁşSELECT id,username,password,nickname,avatar,bio,website,github_home,gitee_home,csdn_home,zhihu_home,create_time,update_time,is_deleted FROM t_user WHERE (username = 'admin' AND is_deleted = 0)

 Consume TimeŁş0 ms 2026-05-13 15:05:04
 Execute SQLŁşSELECT id,user_id,article_id,title,content,title_image,description,category_id,tags,visibility,create_time,update_time FROM t_article_draft WHERE (user_id = 3) ORDER BY update_time DESC

 Consume TimeŁş0 ms 2026-05-13 15:05:05
 Execute SQLŁşSELECT 1

 Consume TimeŁş0 ms 2026-05-13 15:05:05
 Execute SQLŁşSELECT id,username,password,nickname,avatar,bio,website,github_home,gitee_home,csdn_home,zhihu_home,create_time,update_time,is_deleted FROM t_user WHERE (username = 'admin' AND is_deleted = 0)

 Consume TimeŁş1 ms 2026-05-13 15:05:05
 Execute SQLŁşSELECT id,username,role,create_time FROM t_user_role WHERE (username = 'admin')

 Consume TimeŁş0 ms 2026-05-13 15:05:05
 Execute SQLŁşSELECT id,username,password,nickname,avatar,bio,website,github_home,gitee_home,csdn_home,zhihu_home,create_time,update_time,is_deleted FROM t_user WHERE (username = 'admin' AND is_deleted = 0)

 Consume TimeŁş0 ms 2026-05-13 15:05:05
 Execute SQLŁşSELECT 1

 Consume TimeŁş0 ms 2026-05-13 15:05:05
 Execute SQLŁşSELECT id,username,password,nickname,avatar,bio,website,github_home,gitee_home,csdn_home,zhihu_home,create_time,update_time,is_deleted FROM t_user WHERE (username = 'admin' AND is_deleted = 0)

 Consume TimeŁş0 ms 2026-05-13 15:05:05
 Execute SQLŁşSELECT 1

 Consume TimeŁş0 ms 2026-05-13 15:05:05
 Execute SQLŁşSELECT id,username,password,nickname,avatar,bio,website,github_home,gitee_home,csdn_home,zhihu_home,create_time,update_time,is_deleted FROM t_user WHERE (username = 'admin' AND is_deleted = 0)

 Consume TimeŁş0 ms 2026-05-13 15:05:05
 Execute SQLŁşSELECT id,username,password,nickname,avatar,bio,website,github_home,gitee_home,csdn_home,zhihu_home,create_time,update_time,is_deleted FROM t_user WHERE (username = 'admin' AND is_deleted = 0)

 Consume TimeŁş0 ms 2026-05-13 15:05:05
 Execute SQLŁşSELECT id,username,role,create_time FROM t_user_role WHERE (username = 'admin')

 Consume TimeŁş0 ms 2026-05-13 15:05:05
 Execute SQLŁşSELECT id,username,role,create_time FROM t_user_role WHERE (username = 'admin')

 Consume TimeŁş0 ms 2026-05-13 15:05:05
 Execute SQLŁşSELECT id,username,role,create_time FROM t_user_role WHERE (username = 'admin')

 Consume TimeŁş0 ms 2026-05-13 15:05:05
 Execute SQLŁşSELECT id,username,password,nickname,avatar,bio,website,github_home,gitee_home,csdn_home,zhihu_home,create_time,update_time,is_deleted FROM t_user WHERE (username = 'admin' AND is_deleted = 0)

 Consume TimeŁş0 ms 2026-05-13 15:05:05
 Execute SQLŁşSELECT id,username,password,nickname,avatar,bio,website,github_home,gitee_home,csdn_home,zhihu_home,create_time,update_time,is_deleted FROM t_user WHERE (username = 'admin' AND is_deleted = 0)

 Consume TimeŁş0 ms 2026-05-13 15:05:05
 Execute SQLŁşSELECT id,username,password,nickname,avatar,bio,website,github_home,gitee_home,csdn_home,zhihu_home,create_time,update_time,is_deleted FROM t_user WHERE (username = 'admin' AND is_deleted = 0)

 Consume TimeŁş1 ms 2026-05-13 15:05:05
 Execute SQLŁşSELECT id,user_id,name,create_time,update_time,is_deleted FROM t_tag WHERE (user_id = 3 AND is_deleted = 0)

 Consume TimeŁş0 ms 2026-05-13 15:05:05
 Execute SQLŁşSELECT id,user_id,name,create_time,update_time,is_deleted FROM t_category WHERE (user_id = 3 AND is_deleted = 0) ORDER BY create_time DESC

 Consume TimeŁş1 ms 2026-05-13 15:05:05
 Execute SQLŁşSELECT COUNT(*) AS total FROM t_article WHERE (user_id = 3 AND is_deleted = 0 AND title LIKE '%%')

 Consume TimeŁş0 ms 2026-05-13 15:05:05
 Execute SQLŁşSELECT id,user_id,title,title_image,description,visibility,create_time,update_time,is_deleted,read_num,like_num,favorite_num FROM t_article WHERE (user_id = 3 AND is_deleted = 0 AND title LIKE '%%') ORDER BY create_time DESC LIMIT 10

 Consume TimeŁş0 ms 2026-05-13 15:05:07
 Execute SQLŁşSELECT 1

 Consume TimeŁş0 ms 2026-05-13 15:05:07
 Execute SQLŁşSELECT id,username,password,nickname,avatar,bio,website,github_home,gitee_home,csdn_home,zhihu_home,create_time,update_time,is_deleted FROM t_user WHERE (username = 'admin' AND is_deleted = 0)

 Consume TimeŁş0 ms 2026-05-13 15:05:07
 Execute SQLŁşSELECT id,username,role,create_time FROM t_user_role WHERE (username = 'admin')

 Consume TimeŁş0 ms 2026-05-13 15:05:07
 Execute SQLŁşSELECT id,username,password,nickname,avatar,bio,website,github_home,gitee_home,csdn_home,zhihu_home,create_time,update_time,is_deleted FROM t_user WHERE (username = 'admin' AND is_deleted = 0)

 Consume TimeŁş0 ms 2026-05-13 15:05:07
 Execute SQLŁşSELECT 1

 Consume TimeŁş0 ms 2026-05-13 15:05:07
 Execute SQLŁşSELECT id,username,password,nickname,avatar,bio,website,github_home,gitee_home,csdn_home,zhihu_home,create_time,update_time,is_deleted FROM t_user WHERE (username = 'admin' AND is_deleted = 0)

 Consume TimeŁş0 ms 2026-05-13 15:05:07
 Execute SQLŁşSELECT 1

 Consume TimeŁş1 ms 2026-05-13 15:05:07
 Execute SQLŁşSELECT id,username,password,nickname,avatar,bio,website,github_home,gitee_home,csdn_home,zhihu_home,create_time,update_time,is_deleted FROM t_user WHERE (username = 'admin' AND is_deleted = 0)

 Consume TimeŁş0 ms 2026-05-13 15:05:07
 Execute SQLŁşSELECT id,username,password,nickname,avatar,bio,website,github_home,gitee_home,csdn_home,zhihu_home,create_time,update_time,is_deleted FROM t_user WHERE (username = 'admin' AND is_deleted = 0)

 Consume TimeŁş0 ms 2026-05-13 15:05:07
 Execute SQLŁşSELECT id,username,role,create_time FROM t_user_role WHERE (username = 'admin')

 Consume TimeŁş0 ms 2026-05-13 15:05:07
 Execute SQLŁşSELECT id,username,role,create_time FROM t_user_role WHERE (username = 'admin')

 Consume TimeŁş0 ms 2026-05-13 15:05:07
 Execute SQLŁşSELECT id,username,role,create_time FROM t_user_role WHERE (username = 'admin')

 Consume TimeŁş1 ms 2026-05-13 15:05:07
 Execute SQLŁşSELECT id,username,password,nickname,avatar,bio,website,github_home,gitee_home,csdn_home,zhihu_home,create_time,update_time,is_deleted FROM t_user WHERE (username = 'admin' AND is_deleted = 0)

 Consume TimeŁş0 ms 2026-05-13 15:05:07
 Execute SQLŁşSELECT id,username,password,nickname,avatar,bio,website,github_home,gitee_home,csdn_home,zhihu_home,create_time,update_time,is_deleted FROM t_user WHERE (username = 'admin' AND is_deleted = 0)

 Consume TimeŁş0 ms 2026-05-13 15:05:07
 Execute SQLŁşSELECT id,username,password,nickname,avatar,bio,website,github_home,gitee_home,csdn_home,zhihu_home,create_time,update_time,is_deleted FROM t_user WHERE (username = 'admin' AND is_deleted = 0)

 Consume TimeŁş0 ms 2026-05-13 15:05:07
 Execute SQLŁşSELECT id,user_id,name,create_time,update_time,is_deleted FROM t_tag WHERE (user_id = 3 AND is_deleted = 0)

 Consume TimeŁş0 ms 2026-05-13 15:05:07
 Execute SQLŁşSELECT id,user_id,usage_date,article_gen_count,token_used,last_interaction_time FROM t_ai_usage_record WHERE (user_id = 3 AND usage_date = '2026-05-13T00:00:00.000+0800')

 Consume TimeŁş0 ms 2026-05-13 15:05:07
 Execute SQLŁşSELECT id,user_id,name,create_time,update_time,is_deleted FROM t_category WHERE (user_id = 3 AND is_deleted = 0) ORDER BY create_time DESC

 Consume TimeŁş0 ms 2026-05-13 15:05:24
 Execute SQLŁşSELECT 1

 Consume TimeŁş0 ms 2026-05-13 15:05:24
 Execute SQLŁşSELECT id,username,password,nickname,avatar,bio,website,github_home,gitee_home,csdn_home,zhihu_home,create_time,update_time,is_deleted FROM t_user WHERE (username = 'admin' AND is_deleted = 0)

 Consume TimeŁş0 ms 2026-05-13 15:05:24
 Execute SQLŁşSELECT id,username,role,create_time FROM t_user_role WHERE (username = 'admin')

 Consume TimeŁş0 ms 2026-05-13 15:05:26
 Execute SQLŁşSELECT 1

 Consume TimeŁş0 ms 2026-05-13 15:05:26
 Execute SQLŁşSELECT id,username,password,nickname,avatar,bio,website,github_home,gitee_home,csdn_home,zhihu_home,create_time,update_time,is_deleted FROM t_user WHERE (username = 'admin' AND is_deleted = 0)

 Consume TimeŁş0 ms 2026-05-13 15:05:26
 Execute SQLŁşSELECT id,username,role,create_time FROM t_user_role WHERE (username = 'admin')

 Consume TimeŁş0 ms 2026-05-13 15:05:34
 Execute SQLŁşSELECT 1

 Consume TimeŁş0 ms 2026-05-13 15:05:34
 Execute SQLŁşSELECT id,username,password,nickname,avatar,bio,website,github_home,gitee_home,csdn_home,zhihu_home,create_time,update_time,is_deleted FROM t_user WHERE (username = 'admin' AND is_deleted = 0)

 Consume TimeŁş1 ms 2026-05-13 15:05:34
 Execute SQLŁşSELECT id,username,role,create_time FROM t_user_role WHERE (username = 'admin')

 Consume TimeŁş1 ms 2026-05-13 15:05:34
 Execute SQLŁşSELECT id,username,password,nickname,avatar,bio,website,github_home,gitee_home,csdn_home,zhihu_home,create_time,update_time,is_deleted FROM t_user WHERE (username = 'admin' AND is_deleted = 0)

 Consume TimeŁş2 ms 2026-05-13 15:05:34
 Execute SQLŁşSELECT id,user_id,usage_date,article_gen_count,token_used,last_interaction_time FROM t_ai_usage_record WHERE (user_id = 3 AND usage_date = '2026-05-13T00:00:00.000+0800')

 Consume TimeŁş1 ms 2026-05-13 15:05:34
 Execute SQLŁşSELECT id,user_id,usage_date,article_gen_count,token_used,last_interaction_time FROM t_ai_usage_record WHERE (user_id = 3 AND usage_date = '2026-05-13T00:00:00.000+0800')

 Consume TimeŁş1 ms 2026-05-13 15:05:34
 Execute SQLŁşSELECT id,user_id,usage_date,article_gen_count,token_used,last_interaction_time FROM t_ai_usage_record WHERE (user_id = 3 AND usage_date = '2026-05-13T00:00:00.000+0800')

 Consume TimeŁş0 ms 2026-05-13 15:05:49
 Execute SQLŁşSELECT 1

 Consume TimeŁş0 ms 2026-05-13 15:05:49
 Execute SQLŁşSELECT id,username,password,nickname,avatar,bio,website,github_home,gitee_home,csdn_home,zhihu_home,create_time,update_time,is_deleted FROM t_user WHERE (username = 'admin' AND is_deleted = 0)

 Consume TimeŁş0 ms 2026-05-13 15:05:49
 Execute SQLŁşSELECT id,username,role,create_time FROM t_user_role WHERE (username = 'admin')

 Consume TimeŁş0 ms 2026-05-13 15:05:49
 Execute SQLŁşSELECT id,username,password,nickname,avatar,bio,website,github_home,gitee_home,csdn_home,zhihu_home,create_time,update_time,is_deleted FROM t_user WHERE (username = 'admin' AND is_deleted = 0)

 Consume TimeŁş1 ms 2026-05-13 15:05:49
 Execute SQLŁşSELECT id,user_id,usage_date,article_gen_count,token_used,last_interaction_time FROM t_ai_usage_record WHERE (user_id = 3 AND usage_date = '2026-05-13T00:00:00.000+0800')

 Consume TimeŁş0 ms 2026-05-13 15:05:49
 Execute SQLŁşSELECT id,user_id,usage_date,article_gen_count,token_used,last_interaction_time FROM t_ai_usage_record WHERE (user_id = 3 AND usage_date = '2026-05-13T00:00:00.000+0800')

 Consume TimeŁş1 ms 2026-05-13 15:05:49
 Execute SQLŁşSELECT id,user_id,usage_date,article_gen_count,token_used,last_interaction_time FROM t_ai_usage_record WHERE (user_id = 3 AND usage_date = '2026-05-13T00:00:00.000+0800')

 Consume TimeŁş1 ms 2026-05-13 15:05:56
 Execute SQLŁşSELECT 1

 Consume TimeŁş1 ms 2026-05-13 15:05:56
 Execute SQLŁşSELECT id,username,password,nickname,avatar,bio,website,github_home,gitee_home,csdn_home,zhihu_home,create_time,update_time,is_deleted FROM t_user WHERE (username = 'admin' AND is_deleted = 0)

 Consume TimeŁş1 ms 2026-05-13 15:05:56
 Execute SQLŁşSELECT id,username,role,create_time FROM t_user_role WHERE (username = 'admin')

 Consume TimeŁş1 ms 2026-05-13 15:05:56
 Execute SQLŁşSELECT id,username,password,nickname,avatar,bio,website,github_home,gitee_home,csdn_home,zhihu_home,create_time,update_time,is_deleted FROM t_user WHERE (username = 'admin' AND is_deleted = 0)

 Consume TimeŁş0 ms 2026-05-13 15:05:56
 Execute SQLŁşSELECT 1

 Consume TimeŁş1 ms 2026-05-13 15:05:56
 Execute SQLŁşSELECT id,username,password,nickname,avatar,bio,website,github_home,gitee_home,csdn_home,zhihu_home,create_time,update_time,is_deleted FROM t_user WHERE (username = 'admin' AND is_deleted = 0)

 Consume TimeŁş0 ms 2026-05-13 15:05:56
 Execute SQLŁşSELECT 1

 Consume TimeŁş1 ms 2026-05-13 15:05:56
 Execute SQLŁşSELECT id,username,password,nickname,avatar,bio,website,github_home,gitee_home,csdn_home,zhihu_home,create_time,update_time,is_deleted FROM t_user WHERE (username = 'admin' AND is_deleted = 0)

 Consume TimeŁş0 ms 2026-05-13 15:05:56
 Execute SQLŁşSELECT id,username,password,nickname,avatar,bio,website,github_home,gitee_home,csdn_home,zhihu_home,create_time,update_time,is_deleted FROM t_user WHERE (username = 'admin' AND is_deleted = 0)

 Consume TimeŁş1 ms 2026-05-13 15:05:56
 Execute SQLŁşSELECT id,username,role,create_time FROM t_user_role WHERE (username = 'admin')

 Consume TimeŁş0 ms 2026-05-13 15:05:56
 Execute SQLŁşSELECT id,username,role,create_time FROM t_user_role WHERE (username = 'admin')

 Consume TimeŁş0 ms 2026-05-13 15:05:56
 Execute SQLŁşSELECT id,username,role,create_time FROM t_user_role WHERE (username = 'admin')

 Consume TimeŁş1 ms 2026-05-13 15:05:56
 Execute SQLŁşSELECT id,username,password,nickname,avatar,bio,website,github_home,gitee_home,csdn_home,zhihu_home,create_time,update_time,is_deleted FROM t_user WHERE (username = 'admin' AND is_deleted = 0)

 Consume TimeŁş0 ms 2026-05-13 15:05:56
 Execute SQLŁşSELECT id,username,password,nickname,avatar,bio,website,github_home,gitee_home,csdn_home,zhihu_home,create_time,update_time,is_deleted FROM t_user WHERE (username = 'admin' AND is_deleted = 0)

 Consume TimeŁş0 ms 2026-05-13 15:05:56
 Execute SQLŁşSELECT id,username,password,nickname,avatar,bio,website,github_home,gitee_home,csdn_home,zhihu_home,create_time,update_time,is_deleted FROM t_user WHERE (username = 'admin' AND is_deleted = 0)

 Consume TimeŁş4 ms 2026-05-13 15:05:56
 Execute SQLŁşSELECT id,user_id,name,create_time,update_time,is_deleted FROM t_category WHERE (user_id = 3 AND is_deleted = 0) ORDER BY create_time DESC

 Consume TimeŁş1 ms 2026-05-13 15:05:56
 Execute SQLŁşSELECT id,user_id,usage_date,article_gen_count,token_used,last_interaction_time FROM t_ai_usage_record WHERE (user_id = 3 AND usage_date = '2026-05-13T00:00:00.000+0800')

 Consume TimeŁş1 ms 2026-05-13 15:05:56
 Execute SQLŁşSELECT id,user_id,name,create_time,update_time,is_deleted FROM t_tag WHERE (user_id = 3 AND is_deleted = 0)

 Consume TimeŁş0 ms 2026-05-13 15:06:02
 Execute SQLŁşSELECT 1

 Consume TimeŁş0 ms 2026-05-13 15:06:02
 Execute SQLŁşSELECT id,username,password,nickname,avatar,bio,website,github_home,gitee_home,csdn_home,zhihu_home,create_time,update_time,is_deleted FROM t_user WHERE (username = 'admin' AND is_deleted = 0)

 Consume TimeŁş0 ms 2026-05-13 15:06:02
 Execute SQLŁşSELECT id,username,role,create_time FROM t_user_role WHERE (username = 'admin')

 Consume TimeŁş0 ms 2026-05-13 15:06:02
 Execute SQLŁşSELECT id,username,password,nickname,avatar,bio,website,github_home,gitee_home,csdn_home,zhihu_home,create_time,update_time,is_deleted FROM t_user WHERE (username = 'admin' AND is_deleted = 0)

 Consume TimeŁş0 ms 2026-05-13 15:06:02
 Execute SQLŁşSELECT id,user_id,usage_date,article_gen_count,token_used,last_interaction_time FROM t_ai_usage_record WHERE (user_id = 3 AND usage_date = '2026-05-13T00:00:00.000+0800')

 Consume TimeŁş0 ms 2026-05-13 15:06:02
 Execute SQLŁşSELECT id,user_id,usage_date,article_gen_count,token_used,last_interaction_time FROM t_ai_usage_record WHERE (user_id = 3 AND usage_date = '2026-05-13T00:00:00.000+0800')

 Consume TimeŁş0 ms 2026-05-13 15:06:02
 Execute SQLŁşSELECT id,user_id,usage_date,article_gen_count,token_used,last_interaction_time FROM t_ai_usage_record WHERE (user_id = 3 AND usage_date = '2026-05-13T00:00:00.000+0800')

 Consume TimeŁş0 ms 2026-05-13 15:06:08
 Execute SQLŁşSELECT 1

 Consume TimeŁş1 ms 2026-05-13 15:06:08
 Execute SQLŁşSELECT id,username,password,nickname,avatar,bio,website,github_home,gitee_home,csdn_home,zhihu_home,create_time,update_time,is_deleted FROM t_user WHERE (username = 'admin' AND is_deleted = 0)

 Consume TimeŁş1 ms 2026-05-13 15:06:08
 Execute SQLŁşSELECT id,username,role,create_time FROM t_user_role WHERE (username = 'admin')

 Consume TimeŁş1 ms 2026-05-13 15:06:08
 Execute SQLŁşSELECT id,username,password,nickname,avatar,bio,website,github_home,gitee_home,csdn_home,zhihu_home,create_time,update_time,is_deleted FROM t_user WHERE (username = 'admin' AND is_deleted = 0)

 Consume TimeŁş0 ms 2026-05-13 15:06:08
 Execute SQLŁşSELECT 1

 Consume TimeŁş1 ms 2026-05-13 15:06:08
 Execute SQLŁşSELECT id,username,password,nickname,avatar,bio,website,github_home,gitee_home,csdn_home,zhihu_home,create_time,update_time,is_deleted FROM t_user WHERE (username = 'admin' AND is_deleted = 0)

 Consume TimeŁş0 ms 2026-05-13 15:06:08
 Execute SQLŁşSELECT id,username,role,create_time FROM t_user_role WHERE (username = 'admin')

 Consume TimeŁş1 ms 2026-05-13 15:06:08
 Execute SQLŁşSELECT id,blog_name,author,avatar,introduction,github_home,csdn_home,gitee_home,zhihu_home FROM t_blog_setting ORDER BY id ASC limit 1

 Consume TimeŁş0 ms 2026-05-13 15:06:18
 Execute SQLŁşSELECT 1

 Consume TimeŁş0 ms 2026-05-13 15:06:18
 Execute SQLŁşSELECT id,username,password,nickname,avatar,bio,website,github_home,gitee_home,csdn_home,zhihu_home,create_time,update_time,is_deleted FROM t_user WHERE (username = 'admin' AND is_deleted = 0)

 Consume TimeŁş0 ms 2026-05-13 15:06:18
 Execute SQLŁşSELECT id,username,role,create_time FROM t_user_role WHERE (username = 'admin')

 Consume TimeŁş0 ms 2026-05-13 15:06:18
 Execute SQLŁşSELECT id,username,password,nickname,avatar,bio,website,github_home,gitee_home,csdn_home,zhihu_home,create_time,update_time,is_deleted FROM t_user WHERE (username = 'admin1' AND is_deleted = 0)

 Consume TimeŁş1 ms 2026-05-13 15:06:18
 Execute SQLŁşSELECT id,username,role,create_time FROM t_user_role WHERE (username = 'admin1')

 Consume TimeŁş0 ms 2026-05-13 15:06:19
 Execute SQLŁşSELECT 1

 Consume TimeŁş0 ms 2026-05-13 15:06:19
 Execute SQLŁşSELECT id,username,password,nickname,avatar,bio,website,github_home,gitee_home,csdn_home,zhihu_home,create_time,update_time,is_deleted FROM t_user WHERE (username = 'admin1' AND is_deleted = 0)

 Consume TimeŁş0 ms 2026-05-13 15:06:19
 Execute SQLŁşSELECT id,username,role,create_time FROM t_user_role WHERE (username = 'admin1')

 Consume TimeŁş1 ms 2026-05-13 15:06:19
 Execute SQLŁşSELECT id,username,password,nickname,avatar,bio,website,github_home,gitee_home,csdn_home,zhihu_home,create_time,update_time,is_deleted FROM t_user WHERE (username = 'admin1' AND is_deleted = 0)

 Consume TimeŁş0 ms 2026-05-13 15:06:19
 Execute SQLŁşSELECT 1

 Consume TimeŁş1 ms 2026-05-13 15:06:19
 Execute SQLŁşSELECT id,username,password,nickname,avatar,bio,website,github_home,gitee_home,csdn_home,zhihu_home,create_time,update_time,is_deleted FROM t_user WHERE (username = 'admin1' AND is_deleted = 0)

 Consume TimeŁş0 ms 2026-05-13 15:06:19
 Execute SQLŁşSELECT id,username,role,create_time FROM t_user_role WHERE (username = 'admin1')

 Consume TimeŁş0 ms 2026-05-13 15:06:19
 Execute SQLŁşSELECT id,username,password,nickname,avatar,bio,website,github_home,gitee_home,csdn_home,zhihu_home,create_time,update_time,is_deleted FROM t_user WHERE (username = 'admin1' AND is_deleted = 0)

 Consume TimeŁş0 ms 2026-05-13 15:06:19
 Execute SQLŁşSELECT COUNT( * ) FROM t_article WHERE (user_id = 1 AND is_deleted = 0)

 Consume TimeŁş1 ms 2026-05-13 15:06:19
 Execute SQLŁşSELECT COUNT( 1 ) FROM t_category WHERE (user_id = 1 AND is_deleted = 0)

 Consume TimeŁş0 ms 2026-05-13 15:06:19
 Execute SQLŁşSELECT COUNT( 1 ) FROM t_tag WHERE (user_id = 1 AND is_deleted = 0)

 Consume TimeŁş1 ms 2026-05-13 15:06:19
 Execute SQLŁşSELECT COALESCE(SUM(read_num), 0) FROM t_article WHERE user_id = 1 AND is_deleted = 0

 Consume TimeŁş1 ms 2026-05-13 15:06:19
 Execute SQLŁşSELECT id,username,password,nickname,avatar,bio,website,github_home,gitee_home,csdn_home,zhihu_home,create_time,update_time,is_deleted FROM t_user WHERE (username = 'admin1' AND is_deleted = 0)

 Consume TimeŁş0 ms 2026-05-13 15:06:19
 Execute SQLŁşSELECT 1

 Consume TimeŁş0 ms 2026-05-13 15:06:19
 Execute SQLŁşSELECT 1

 Consume TimeŁş0 ms 2026-05-13 15:06:19
 Execute SQLŁşSELECT id,username,password,nickname,avatar,bio,website,github_home,gitee_home,csdn_home,zhihu_home,create_time,update_time,is_deleted FROM t_user WHERE (username = 'admin1' AND is_deleted = 0)

 Consume TimeŁş0 ms 2026-05-13 15:06:19
 Execute SQLŁşSELECT 1

 Consume TimeŁş0 ms 2026-05-13 15:06:19
 Execute SQLŁşSELECT id,username,password,nickname,avatar,bio,website,github_home,gitee_home,csdn_home,zhihu_home,create_time,update_time,is_deleted FROM t_user WHERE (username = 'admin1' AND is_deleted = 0)

 Consume TimeŁş0 ms 2026-05-13 15:06:19
 Execute SQLŁşSELECT id,username,role,create_time FROM t_user_role WHERE (username = 'admin1')

 Consume TimeŁş0 ms 2026-05-13 15:06:19
 Execute SQLŁşSELECT id,username,password,nickname,avatar,bio,website,github_home,gitee_home,csdn_home,zhihu_home,create_time,update_time,is_deleted FROM t_user WHERE (username = 'admin1' AND is_deleted = 0)

 Consume TimeŁş0 ms 2026-05-13 15:06:19
 Execute SQLŁşSELECT id,username,role,create_time FROM t_user_role WHERE (username = 'admin1')

 Consume TimeŁş0 ms 2026-05-13 15:06:19
 Execute SQLŁşSELECT id,username,password,nickname,avatar,bio,website,github_home,gitee_home,csdn_home,zhihu_home,create_time,update_time,is_deleted FROM t_user WHERE (username = 'admin1' AND is_deleted = 0)

 Consume TimeŁş0 ms 2026-05-13 15:06:19
 Execute SQLŁşSELECT id,username,role,create_time FROM t_user_role WHERE (username = 'admin1')

 Consume TimeŁş1 ms 2026-05-13 15:06:19
 Execute SQLŁşSELECT id,username,role,create_time FROM t_user_role WHERE (username = 'admin1')

 Consume TimeŁş0 ms 2026-05-13 15:06:19
 Execute SQLŁşSELECT id,username,role,create_time FROM t_user_role WHERE (username = 'admin1')

 Consume TimeŁş1 ms 2026-05-13 15:06:19
 Execute SQLŁşSELECT id,username,password,nickname,avatar,bio,website,github_home,gitee_home,csdn_home,zhihu_home,create_time,update_time,is_deleted FROM t_user WHERE (username = 'admin1' AND is_deleted = 0)

 Consume TimeŁş0 ms 2026-05-13 15:06:19
 Execute SQLŁşSELECT id,username,password,nickname,avatar,bio,website,github_home,gitee_home,csdn_home,zhihu_home,create_time,update_time,is_deleted FROM t_user WHERE (username = 'admin1' AND is_deleted = 0)

 Consume TimeŁş1 ms 2026-05-13 15:06:19
 Execute SQLŁşSELECT id,username,password,nickname,avatar,bio,website,github_home,gitee_home,csdn_home,zhihu_home,create_time,update_time,is_deleted FROM t_user WHERE (username = 'admin1' AND is_deleted = 0)

 Consume TimeŁş3 ms 2026-05-13 15:06:19
 Execute SQLŁşSELECT DATE(create_time) AS date, COUNT(*) AS count FROM t_article WHERE user_id = 1 AND is_deleted = 0 AND create_time >= '2025-12-01' AND create_time <= '2026-05-13' GROUP BY DATE(create_time) ORDER BY DATE(create_time)

 Consume TimeŁş1 ms 2026-05-13 15:06:19
 Execute SQLŁşSELECT id,username,password,nickname,avatar,bio,website,github_home,gitee_home,csdn_home,zhihu_home,create_time,update_time,is_deleted FROM t_user WHERE (username = 'admin1' AND is_deleted = 0)

 Consume TimeŁş1 ms 2026-05-13 15:06:19
 Execute SQLŁşSELECT id,username,password,nickname,avatar,bio,website,github_home,gitee_home,csdn_home,zhihu_home,create_time,update_time,is_deleted FROM t_user WHERE (username = 'admin1' AND is_deleted = 0)

 Consume TimeŁş1 ms 2026-05-13 15:06:19
 Execute SQLŁşSELECT id,user_id,pv_date,pv_count,create_time,update_time FROM t_statistics_user_pv WHERE (user_id = 1 AND pv_date >= '2026-05-07' AND pv_date <= '2026-05-13') ORDER BY pv_date ASC

 Consume TimeŁş0 ms 2026-05-13 15:06:19
 Execute SQLŁşSELECT COUNT( * ) FROM t_article WHERE (user_id = 1 AND is_deleted = 0)

 Consume TimeŁş1 ms 2026-05-13 15:06:19
 Execute SQLŁşSELECT id,user_id,pv_date,pv_count,create_time,update_time FROM t_statistics_user_pv WHERE (user_id = 1 AND pv_date >= '2026-05-06' AND pv_date <= '2026-05-12') ORDER BY pv_date ASC

 Consume TimeŁş1 ms 2026-05-13 15:06:19
 Execute SQLŁşSELECT COUNT( 1 ) FROM t_category WHERE (user_id = 1 AND is_deleted = 0)

 Consume TimeŁş1 ms 2026-05-13 15:06:19
 Execute SQLŁşSELECT id,user_id,title,title_image,description,visibility,create_time,update_time,is_deleted,read_num,like_num,favorite_num FROM t_article WHERE (user_id = 1 AND is_deleted = false) ORDER BY read_num DESC LIMIT 10

 Consume TimeŁş1 ms 2026-05-13 15:06:19
 Execute SQLŁşSELECT COUNT( 1 ) FROM t_tag WHERE (user_id = 1 AND is_deleted = 0)

 Consume TimeŁş2 ms 2026-05-13 15:06:19
 Execute SQLŁşSELECT COUNT(DISTINCT visitor) AS distinctCount FROM t_visitor_record WHERE (DATE(visit_time) = '2026-05-06')

 Consume TimeŁş0 ms 2026-05-13 15:06:19
 Execute SQLŁşSELECT COALESCE(SUM(read_num), 0) FROM t_article WHERE user_id = 1 AND is_deleted = 0

 Consume TimeŁş1 ms 2026-05-13 15:06:19
 Execute SQLŁşSELECT id,user_id,pv_date,pv_count,create_time,update_time FROM t_statistics_user_pv WHERE (user_id = 1 AND pv_date >= '2026-05-13' AND pv_date <= '2026-05-13') ORDER BY pv_date ASC

 Consume TimeŁş1 ms 2026-05-13 15:06:19
 Execute SQLŁşSELECT COUNT(DISTINCT visitor) AS distinctCount FROM t_visitor_record WHERE (DATE(visit_time) = '2026-05-07')

 Consume TimeŁş1 ms 2026-05-13 15:06:19
 Execute SQLŁşSELECT COUNT(DISTINCT visitor) AS distinctCount FROM t_visitor_record WHERE (DATE(visit_time) = '2026-05-08')

 Consume TimeŁş1 ms 2026-05-13 15:06:19
 Execute SQLŁşSELECT COUNT(DISTINCT visitor) AS distinctCount FROM t_visitor_record WHERE (DATE(visit_time) = '2026-05-13')

 Consume TimeŁş1 ms 2026-05-13 15:06:19
 Execute SQLŁşSELECT COUNT(DISTINCT visitor) AS distinctCount FROM t_visitor_record

 Consume TimeŁş0 ms 2026-05-13 15:06:19
 Execute SQLŁşSELECT COUNT(DISTINCT visitor) AS distinctCount FROM t_visitor_record WHERE (DATE(visit_time) = '2026-05-09')

 Consume TimeŁş0 ms 2026-05-13 15:06:19
 Execute SQLŁşSELECT COUNT(DISTINCT visitor) AS distinctCount FROM t_visitor_record WHERE (DATE(visit_time) = '2026-05-10')

 Consume TimeŁş1 ms 2026-05-13 15:06:19
 Execute SQLŁşSELECT COUNT(DISTINCT visitor) AS distinctCount FROM t_visitor_record WHERE (DATE(visit_time) = '2026-05-11')

 Consume TimeŁş1 ms 2026-05-13 15:06:19
 Execute SQLŁşSELECT COUNT(DISTINCT visitor) AS distinctCount FROM t_visitor_record WHERE (DATE(visit_time) = '2026-05-12')

 Consume TimeŁş2 ms 2026-05-13 15:06:19
 Execute SQLŁşSELECT id,username,password,nickname,avatar,bio,website,github_home,gitee_home,csdn_home,zhihu_home,create_time,update_time,is_deleted FROM t_user WHERE (username = 'admin1' AND is_deleted = 0)

 Consume TimeŁş1 ms 2026-05-13 15:06:19
 Execute SQLŁşSELECT id,username,role,create_time FROM t_user_role WHERE (username = 'admin1')

 Consume TimeŁş2 ms 2026-05-13 15:06:19
 Execute SQLŁşSELECT id,username,password,nickname,avatar,bio,website,github_home,gitee_home,csdn_home,zhihu_home,create_time,update_time,is_deleted FROM t_user WHERE (username = 'admin1' AND is_deleted = 0)

 Consume TimeŁş1 ms 2026-05-13 15:06:19
 Execute SQLŁşSELECT DATE(create_time) AS date, COUNT(*) AS count FROM t_article WHERE user_id = 1 AND is_deleted = 0 AND create_time >= '2025-05-14' AND create_time <= '2026-05-13' GROUP BY DATE(create_time) ORDER BY DATE(create_time)

 Consume TimeŁş1 ms 2026-05-13 15:06:19
 Execute SQLŁşSELECT id,username,password,nickname,avatar,bio,website,github_home,gitee_home,csdn_home,zhihu_home,create_time,update_time,is_deleted FROM t_user WHERE (username = 'admin1' AND is_deleted = 0)

 Consume TimeŁş1 ms 2026-05-13 15:06:19
 Execute SQLŁşSELECT id,username,password,nickname,avatar,bio,website,github_home,gitee_home,csdn_home,zhihu_home,create_time,update_time,is_deleted FROM t_user WHERE (username = 'admin1' AND is_deleted = 0)

 Consume TimeŁş2 ms 2026-05-13 15:06:19
 Execute SQLŁşSELECT id,username,password,nickname,avatar,bio,website,github_home,gitee_home,csdn_home,zhihu_home,create_time,update_time,is_deleted FROM t_user WHERE (username = 'admin1' AND is_deleted = 0)

 Consume TimeŁş1 ms 2026-05-13 15:06:19
 Execute SQLŁşSELECT id,username,role,create_time FROM t_user_role WHERE (username = 'admin1')

 Consume TimeŁş1 ms 2026-05-13 15:06:19
 Execute SQLŁşSELECT id,username,role,create_time FROM t_user_role WHERE (username = 'admin1')

 Consume TimeŁş0 ms 2026-05-13 15:06:19
 Execute SQLŁşSELECT id,username,role,create_time FROM t_user_role WHERE (username = 'admin1')

 Consume TimeŁş1 ms 2026-05-13 15:06:19
 Execute SQLŁşSELECT id,username,password,nickname,avatar,bio,website,github_home,gitee_home,csdn_home,zhihu_home,create_time,update_time,is_deleted FROM t_user WHERE (username = 'admin1' AND is_deleted = 0)

 Consume TimeŁş1 ms 2026-05-13 15:06:19
 Execute SQLŁşSELECT id,username,password,nickname,avatar,bio,website,github_home,gitee_home,csdn_home,zhihu_home,create_time,update_time,is_deleted FROM t_user WHERE (username = 'admin1' AND is_deleted = 0)

 Consume TimeŁş1 ms 2026-05-13 15:06:19
 Execute SQLŁşSELECT ip_region, COUNT(*) AS count FROM t_visitor_record GROUP BY ip_region ORDER BY count DESC

 Consume TimeŁş1 ms 2026-05-13 15:06:19
 Execute SQLŁşSELECT id FROM t_article WHERE (user_id = 1 AND is_deleted = false)

 Consume TimeŁş0 ms 2026-05-13 15:06:19
 Execute SQLŁşSELECT id FROM t_article WHERE (user_id = 1 AND is_deleted = false)

 Consume TimeŁş0 ms 2026-05-13 15:06:20
 Execute SQLŁşSELECT 1

 Consume TimeŁş1 ms 2026-05-13 15:06:20
 Execute SQLŁşSELECT id,username,password,nickname,avatar,bio,website,github_home,gitee_home,csdn_home,zhihu_home,create_time,update_time,is_deleted FROM t_user WHERE (username = 'admin1' AND is_deleted = 0)

 Consume TimeŁş1 ms 2026-05-13 15:06:20
 Execute SQLŁşSELECT id,username,role,create_time FROM t_user_role WHERE (username = 'admin1')

 Consume TimeŁş1 ms 2026-05-13 15:06:20
 Execute SQLŁşSELECT id,username,password,nickname,avatar,bio,website,github_home,gitee_home,csdn_home,zhihu_home,create_time,update_time,is_deleted FROM t_user WHERE (username = 'admin1' AND is_deleted = 0)

 Consume TimeŁş1 ms 2026-05-13 15:06:20
 Execute SQLŁşSELECT id,username,password,nickname,avatar,bio,website,github_home,gitee_home,csdn_home,zhihu_home,create_time,update_time,is_deleted FROM t_user WHERE (username = 'admin1' AND is_deleted = 0)

 Consume TimeŁş1 ms 2026-05-13 15:06:20
 Execute SQLŁşSELECT id,username,role,create_time FROM t_user_role WHERE (username = 'admin1')

 Consume TimeŁş1 ms 2026-05-13 15:06:20
 Execute SQLŁşSELECT id,username,password,nickname,avatar,bio,website,github_home,gitee_home,csdn_home,zhihu_home,create_time,update_time,is_deleted FROM t_user WHERE (username = 'admin1' AND is_deleted = 0)

 Consume TimeŁş1 ms 2026-05-13 15:06:21
 Execute SQLŁşSELECT COUNT(*) AS total FROM t_tag WHERE (user_id = 1 AND is_deleted = 0 AND name LIKE '%%')

 Consume TimeŁş1 ms 2026-05-13 15:06:21
 Execute SQLŁşSELECT id,user_id,name,create_time,update_time,is_deleted FROM t_tag WHERE (user_id = 1 AND is_deleted = 0 AND name LIKE '%%') ORDER BY create_time DESC LIMIT 10

 Consume TimeŁş0 ms 2026-05-13 15:06:21
 Execute SQLŁşSELECT 1

 Consume TimeŁş1 ms 2026-05-13 15:06:21
 Execute SQLŁşSELECT id,username,password,nickname,avatar,bio,website,github_home,gitee_home,csdn_home,zhihu_home,create_time,update_time,is_deleted FROM t_user WHERE (username = 'admin1' AND is_deleted = 0)

 Consume TimeŁş0 ms 2026-05-13 15:06:21
 Execute SQLŁşSELECT id,username,role,create_time FROM t_user_role WHERE (username = 'admin1')

 Consume TimeŁş1 ms 2026-05-13 15:06:21
 Execute SQLŁşSELECT id,username,password,nickname,avatar,bio,website,github_home,gitee_home,csdn_home,zhihu_home,create_time,update_time,is_deleted FROM t_user WHERE (username = 'admin1' AND is_deleted = 0)

 Consume TimeŁş1 ms 2026-05-13 15:06:21
 Execute SQLŁşSELECT 1

 Consume TimeŁş1 ms 2026-05-13 15:06:21
 Execute SQLŁşSELECT id,username,password,nickname,avatar,bio,website,github_home,gitee_home,csdn_home,zhihu_home,create_time,update_time,is_deleted FROM t_user WHERE (username = 'admin1' AND is_deleted = 0)

 Consume TimeŁş1 ms 2026-05-13 15:06:21
 Execute SQLŁşSELECT id,username,role,create_time FROM t_user_role WHERE (username = 'admin1')

 Consume TimeŁş1 ms 2026-05-13 15:06:21
 Execute SQLŁşSELECT id,username,password,nickname,avatar,bio,website,github_home,gitee_home,csdn_home,zhihu_home,create_time,update_time,is_deleted FROM t_user WHERE (username = 'admin1' AND is_deleted = 0)

 Consume TimeŁş0 ms 2026-05-13 15:06:21
 Execute SQLŁşSELECT 1

 Consume TimeŁş1 ms 2026-05-13 15:06:21
 Execute SQLŁşSELECT id,username,password,nickname,avatar,bio,website,github_home,gitee_home,csdn_home,zhihu_home,create_time,update_time,is_deleted FROM t_user WHERE (username = 'admin1' AND is_deleted = 0)

 Consume TimeŁş0 ms 2026-05-13 15:06:21
 Execute SQLŁşSELECT id,username,role,create_time FROM t_user_role WHERE (username = 'admin1')

 Consume TimeŁş0 ms 2026-05-13 15:06:21
 Execute SQLŁşSELECT id,username,password,nickname,avatar,bio,website,github_home,gitee_home,csdn_home,zhihu_home,create_time,update_time,is_deleted FROM t_user WHERE (username = 'admin1' AND is_deleted = 0)

 Consume TimeŁş0 ms 2026-05-13 15:06:22
 Execute SQLŁşSELECT 1

 Consume TimeŁş1 ms 2026-05-13 15:06:22
 Execute SQLŁşSELECT id,username,password,nickname,avatar,bio,website,github_home,gitee_home,csdn_home,zhihu_home,create_time,update_time,is_deleted FROM t_user WHERE (username = 'admin1' AND is_deleted = 0)

 Consume TimeŁş1 ms 2026-05-13 15:06:22
 Execute SQLŁşSELECT id,username,role,create_time FROM t_user_role WHERE (username = 'admin1')

 Consume TimeŁş1 ms 2026-05-13 15:06:22
 Execute SQLŁşSELECT id,username,password,nickname,avatar,bio,website,github_home,gitee_home,csdn_home,zhihu_home,create_time,update_time,is_deleted FROM t_user WHERE (username = 'admin1' AND is_deleted = 0)

 Consume TimeŁş1 ms 2026-05-13 15:06:22
 Execute SQLŁşSELECT id,user_id,usage_date,article_gen_count,token_used,last_interaction_time FROM t_ai_usage_record WHERE (user_id = 1 AND usage_date = '2026-05-13T00:00:00.000+0800')

 Consume TimeŁş0 ms 2026-05-13 15:06:22
 Execute SQLŁşSELECT 1

 Consume TimeŁş0 ms 2026-05-13 15:06:22
 Execute SQLŁşSELECT 1

 Consume TimeŁş1 ms 2026-05-13 15:06:22
 Execute SQLŁşSELECT id,username,password,nickname,avatar,bio,website,github_home,gitee_home,csdn_home,zhihu_home,create_time,update_time,is_deleted FROM t_user WHERE (username = 'admin1' AND is_deleted = 0)

 Consume TimeŁş0 ms 2026-05-13 15:06:22
 Execute SQLŁşSELECT id,username,password,nickname,avatar,bio,website,github_home,gitee_home,csdn_home,zhihu_home,create_time,update_time,is_deleted FROM t_user WHERE (username = 'admin1' AND is_deleted = 0)

 Consume TimeŁş1 ms 2026-05-13 15:06:22
 Execute SQLŁşSELECT id,username,role,create_time FROM t_user_role WHERE (username = 'admin1')

 Consume TimeŁş1 ms 2026-05-13 15:06:22
 Execute SQLŁşSELECT id,username,role,create_time FROM t_user_role WHERE (username = 'admin1')

 Consume TimeŁş1 ms 2026-05-13 15:06:22
 Execute SQLŁşSELECT id,username,password,nickname,avatar,bio,website,github_home,gitee_home,csdn_home,zhihu_home,create_time,update_time,is_deleted FROM t_user WHERE (username = 'admin1' AND is_deleted = 0)

 Consume TimeŁş1 ms 2026-05-13 15:06:22
 Execute SQLŁşSELECT id,username,password,nickname,avatar,bio,website,github_home,gitee_home,csdn_home,zhihu_home,create_time,update_time,is_deleted FROM t_user WHERE (username = 'admin1' AND is_deleted = 0)

 Consume TimeŁş1 ms 2026-05-13 15:06:22
 Execute SQLŁşSELECT id,user_id,name,create_time,update_time,is_deleted FROM t_category WHERE (user_id = 1 AND is_deleted = 0) ORDER BY create_time DESC

 Consume TimeŁş1 ms 2026-05-13 15:06:22
 Execute SQLŁşSELECT id,user_id,name,create_time,update_time,is_deleted FROM t_tag WHERE (user_id = 1 AND is_deleted = 0)

 Consume TimeŁş0 ms 2026-05-13 15:06:36
 Execute SQLŁşSELECT 1

 Consume TimeŁş1 ms 2026-05-13 15:06:36
 Execute SQLŁşSELECT id,username,password,nickname,avatar,bio,website,github_home,gitee_home,csdn_home,zhihu_home,create_time,update_time,is_deleted FROM t_user WHERE (username = 'admin1' AND is_deleted = 0)

 Consume TimeŁş0 ms 2026-05-13 15:06:36
 Execute SQLŁşSELECT id,username,role,create_time FROM t_user_role WHERE (username = 'admin1')

 Consume TimeŁş0 ms 2026-05-13 15:06:36
 Execute SQLŁşSELECT id,username,password,nickname,avatar,bio,website,github_home,gitee_home,csdn_home,zhihu_home,create_time,update_time,is_deleted FROM t_user WHERE (username = 'admin1' AND is_deleted = 0)

 Consume TimeŁş1 ms 2026-05-13 15:06:36
 Execute SQLŁşSELECT id,user_id,usage_date,article_gen_count,token_used,last_interaction_time FROM t_ai_usage_record WHERE (user_id = 1 AND usage_date = '2026-05-13T00:00:00.000+0800')

 Consume TimeŁş0 ms 2026-05-13 15:06:36
 Execute SQLŁşSELECT id,user_id,usage_date,article_gen_count,token_used,last_interaction_time FROM t_ai_usage_record WHERE (user_id = 1 AND usage_date = '2026-05-13T00:00:00.000+0800')

 Consume TimeŁş1 ms 2026-05-13 15:06:36
 Execute SQLŁşSELECT id,user_id,usage_date,article_gen_count,token_used,last_interaction_time FROM t_ai_usage_record WHERE (user_id = 1 AND usage_date = '2026-05-13T00:00:00.000+0800')

 Consume TimeŁş0 ms 2026-05-13 15:06:53
 Execute SQLŁşSELECT 1

 Consume TimeŁş0 ms 2026-05-13 15:06:53
 Execute SQLŁşSELECT id,user_id,usage_date,article_gen_count,token_used,last_interaction_time FROM t_ai_usage_record WHERE (user_id = 1 AND usage_date = '2026-05-13T00:00:00.000+0800')

 Consume TimeŁş4 ms 2026-05-13 15:06:53
 Execute SQLŁşINSERT INTO t_ai_usage_record ( user_id, usage_date, article_gen_count, token_used, last_interaction_time ) VALUES ( 1, '2026-05-13T00:00:00.000+0800', 1, 740, '2026-05-13T15:06:53.633+0800' )

 Consume TimeŁş0 ms 2026-05-13 15:06:53
 Execute SQLŁşSELECT 1

 Consume TimeŁş0 ms 2026-05-13 15:06:53
 Execute SQLŁşSELECT id,username,password,nickname,avatar,bio,website,github_home,gitee_home,csdn_home,zhihu_home,create_time,update_time,is_deleted FROM t_user WHERE (username = 'admin1' AND is_deleted = 0)

 Consume TimeŁş0 ms 2026-05-13 15:06:53
 Execute SQLŁşSELECT id,username,role,create_time FROM t_user_role WHERE (username = 'admin1')

 Consume TimeŁş0 ms 2026-05-13 15:06:53
 Execute SQLŁşSELECT id,username,password,nickname,avatar,bio,website,github_home,gitee_home,csdn_home,zhihu_home,create_time,update_time,is_deleted FROM t_user WHERE (username = 'admin1' AND is_deleted = 0)

 Consume TimeŁş0 ms 2026-05-13 15:06:53
 Execute SQLŁşSELECT id,user_id,usage_date,article_gen_count,token_used,last_interaction_time FROM t_ai_usage_record WHERE (user_id = 1 AND usage_date = '2026-05-13T00:00:00.000+0800')

 Consume TimeŁş0 ms 2026-05-13 15:07:05
 Execute SQLŁşSELECT 1

 Consume TimeŁş0 ms 2026-05-13 15:07:05
 Execute SQLŁşSELECT id,username,password,nickname,avatar,bio,website,github_home,gitee_home,csdn_home,zhihu_home,create_time,update_time,is_deleted FROM t_user WHERE (username = 'admin1' AND is_deleted = 0)

 Consume TimeŁş0 ms 2026-05-13 15:07:05
 Execute SQLŁşSELECT id,username,role,create_time FROM t_user_role WHERE (username = 'admin1')

 Consume TimeŁş0 ms 2026-05-13 15:07:05
 Execute SQLŁşSELECT id,username,password,nickname,avatar,bio,website,github_home,gitee_home,csdn_home,zhihu_home,create_time,update_time,is_deleted FROM t_user WHERE (username = 'admin1' AND is_deleted = 0)

 Consume TimeŁş0 ms 2026-05-13 15:07:05
 Execute SQLŁşSELECT id,user_id,name,create_time,update_time,is_deleted FROM t_category WHERE (user_id = 1 AND name = 'vue3' AND is_deleted = false)

 Consume TimeŁş1 ms 2026-05-13 15:07:05
 Execute SQLŁşINSERT INTO t_article ( user_id, title, title_image, description, visibility ) VALUES ( 1, 'Vue3Óë˝đÇ®ŁşÇ°¶ËżŞ·˘ŐßµÄĽŰÖµÂßĽ­', '', 'Vue3Óë˝đÇ®ŁşÇ°¶ËżŞ·˘ŐßµÄĽŰÖµÂßĽ­ ÎÄŐÂ·ÖŔŕŁş Vue3 ÎÄŐÂ±ęÇ©Łş Ç°¶Ëˇ˘JS ŇýŃÔ Ç®ĘÇĘý×ÖŁ¬Ň˛ĘÇĽŰÖµˇŁÔÚÇ°¶ËżŞ·˘µÄĘŔ˝çŔďŁ¬Vue3 µÄşËĐÄ÷ČÁ¦ÔÚÓÚ¸ßĐ§µŘ´¦ŔíşÍĎěÓ¦ĘýľÝˇŁ˝«ˇ°Ç®ˇ±µÄ¸ĹÄîŇýČë Vue3 µÄżŞ·˘ËĽÎ¬Ł¬ÄÜ°ďÖúÎŇĂÇ¸üşĂµŘŔí˝âĘýľÝµÄĽŰÖµÓëÁ÷×ŞˇŁ ŐýÎÄ ÔÚ Vue3 ÖĐŁ¬ÎŇĂÇĘąÓĂ ref »ň reactive Ŕ´¶¨Ňĺ×´Ě¬ˇŁŐâľÍĎńąÜŔíÎŇĂÇµÄÇ®°üÓŕ¶îŁşŇ»µ©ĘýľÝ·˘Éú±ä»ŻŁ¨»¨·Ń»ňĘŐČëŁ©Ł¬ĘÓÍĽ»áÁ˘...', 'PUBLIC' )

 Consume TimeŁş1 ms 2026-05-13 15:07:05
 Execute SQLŁşINSERT INTO t_article_content ( article_id, content ) VALUES ( 8, '# Vue3Óë˝đÇ®ŁşÇ°¶ËżŞ·˘ŐßµÄĽŰÖµÂßĽ­ **ÎÄŐÂ·ÖŔŕŁş** Vue3 **ÎÄŐÂ±ęÇ©Łş** Ç°¶Ëˇ˘JS ### ŇýŃÔ Ç®ĘÇĘý×ÖŁ¬Ň˛ĘÇĽŰÖµˇŁÔÚÇ°¶ËżŞ·˘µÄĘŔ˝çŔďŁ¬Vue3 µÄşËĐÄ÷ČÁ¦ÔÚÓÚ¸ßĐ§µŘ´¦ŔíşÍĎěÓ¦ĘýľÝˇŁ˝«ˇ°Ç®ˇ±µÄ¸ĹÄîŇýČë Vue3 µÄżŞ·˘ËĽÎ¬Ł¬ÄÜ°ďÖúÎŇĂÇ¸üşĂµŘŔí˝âĘýľÝµÄĽŰÖµÓëÁ÷×ŞˇŁ ### ŐýÎÄ ÔÚ Vue3 ÖĐŁ¬ÎŇĂÇĘąÓĂ `ref` »ň `reactive` Ŕ´¶¨Ňĺ×´Ě¬ˇŁŐâľÍĎńąÜŔíÎŇĂÇµÄÇ®°üÓŕ¶îŁşŇ»µ©ĘýľÝ·˘Éú±ä»ŻŁ¨»¨·Ń»ňĘŐČëŁ©Ł¬ĘÓÍĽ»áÁ˘Ľ´ĎěÓ¦¸üĐÂˇŁŐâÖÖˇ°ĘýľÝÇý¶ŻĘÓÍĽˇ±µÄ»úÖĆŁ¬ŐýĘÇÇ°¶ËżŞ·˘µÄľ«ËčˇŁ ¶ÔÓÚÇ°¶ËżŞ·˘Őß¶řŃÔŁ¬´úÂëľÍĘÇÎŇĂÇµÄ»ő±ŇˇŁÍ¨ąýŐĆÎŐ Vue3 µČĽĽĘőŁ¬ÎŇĂÇ˝«łéĎóµÄÂßĽ­×Ş»ŻÎŞÓĂ»§żÉĽűµÄ˝»»ĄĚĺŃéŁ¬´Ó¶ř´´ÔěĘµĽĘµÄľ­ĽĂĽŰÖµˇŁ ### ×Ü˝á ÎŢÂŰĘÇ±ŕĐ´ÂßĽ­»ąĘÇ´´Ôě˛Ć¸»Ł¬±ľÖĘ¶ĽĘÇ¶Ôˇ°ĘýľÝˇ±µÄľ«×ĽĽÝÔ¦ˇŁÉĆÓĂ Vue3 µÄĎěÓ¦Ę˝ĎµÍłŁ¬ČĂÄăµÄ´úÂë¸üľßĽŰÖµˇŁ' )

 Consume TimeŁş0 ms 2026-05-13 15:07:05
 Execute SQLŁşINSERT INTO t_article_category_rel ( article_id, category_id ) VALUES ( 8, 11 )

 Consume TimeŁş0 ms 2026-05-13 15:07:05
 Execute SQLŁşSELECT id,user_id,name,create_time,update_time,is_deleted FROM t_tag WHERE (user_id = 1 AND is_deleted = 0)

 Consume TimeŁş1 ms 2026-05-13 15:07:05
 Execute SQLŁşINSERT INTO t_tag ( user_id, name, create_time, update_time, is_deleted ) VALUES ( 1, 'Ç°¶Ë', '2026-05-13T15:07:05.080+0800', '2026-05-13T15:07:05.080+0800', false )

 Consume TimeŁş0 ms 2026-05-13 15:07:05
 Execute SQLŁşINSERT INTO t_tag ( user_id, name, create_time, update_time, is_deleted ) VALUES ( 1, 'js', '2026-05-13T15:07:05.084+0800', '2026-05-13T15:07:05.084+0800', false )

 Consume TimeŁş1 ms 2026-05-13 15:07:05
 Execute SQLŁşINSERT INTO t_article_tag_rel (article_id,tag_id) VALUES (8,50) , (8,51)

 Consume TimeŁş1 ms 2026-05-13 15:07:05
 Execute SQLŁşSELECT MAX(version_num) AS versionNum FROM t_article_version WHERE (article_id = 8)

 Consume TimeŁş0 ms 2026-05-13 15:07:06
 Execute SQLŁşSELECT 1

 Consume TimeŁş0 ms 2026-05-13 15:07:06
 Execute SQLŁşSELECT id,username,password,nickname,avatar,bio,website,github_home,gitee_home,csdn_home,zhihu_home,create_time,update_time,is_deleted FROM t_user WHERE (username = 'admin1' AND is_deleted = 0)

 Consume TimeŁş0 ms 2026-05-13 15:07:06
 Execute SQLŁşSELECT id,username,role,create_time FROM t_user_role WHERE (username = 'admin1')

 Consume TimeŁş0 ms 2026-05-13 15:07:06
 Execute SQLŁşSELECT id,username,password,nickname,avatar,bio,website,github_home,gitee_home,csdn_home,zhihu_home,create_time,update_time,is_deleted FROM t_user WHERE (username = 'admin1' AND is_deleted = 0)

 Consume TimeŁş0 ms 2026-05-13 15:07:06
 Execute SQLŁşSELECT id,user_id,article_id,title,content,title_image,description,category_id,tags,visibility,create_time,update_time FROM t_article_draft WHERE (user_id = 1 AND article_id IS NULL) ORDER BY update_time DESC,id DESC

 Consume TimeŁş3 ms 2026-05-13 15:07:06
 Execute SQLŁşUPDATE t_article_draft SET user_id=1, title='Vue3Óë˝đÇ®ŁşÇ°¶ËżŞ·˘ŐßµÄĽŰÖµÂßĽ­', content='# Vue3Óë˝đÇ®ŁşÇ°¶ËżŞ·˘ŐßµÄĽŰÖµÂßĽ­ **ÎÄŐÂ·ÖŔŕŁş** Vue3 **ÎÄŐÂ±ęÇ©Łş** Ç°¶Ëˇ˘JS ### ŇýŃÔ Ç®ĘÇĘý×ÖŁ¬Ň˛ĘÇĽŰÖµˇŁÔÚÇ°¶ËżŞ·˘µÄĘŔ˝çŔďŁ¬Vue3 µÄşËĐÄ÷ČÁ¦ÔÚÓÚ¸ßĐ§µŘ´¦ŔíşÍĎěÓ¦ĘýľÝˇŁ˝«ˇ°Ç®ˇ±µÄ¸ĹÄîŇýČë Vue3 µÄżŞ·˘ËĽÎ¬Ł¬ÄÜ°ďÖúÎŇĂÇ¸üşĂµŘŔí˝âĘýľÝµÄĽŰÖµÓëÁ÷×ŞˇŁ ### ŐýÎÄ ÔÚ Vue3 ÖĐŁ¬ÎŇĂÇĘąÓĂ `ref` »ň `reactive` Ŕ´¶¨Ňĺ×´Ě¬ˇŁŐâľÍĎńąÜŔíÎŇĂÇµÄÇ®°üÓŕ¶îŁşŇ»µ©ĘýľÝ·˘Éú±ä»ŻŁ¨»¨·Ń»ňĘŐČëŁ©Ł¬ĘÓÍĽ»áÁ˘Ľ´ĎěÓ¦¸üĐÂˇŁŐâÖÖˇ°ĘýľÝÇý¶ŻĘÓÍĽˇ±µÄ»úÖĆŁ¬ŐýĘÇÇ°¶ËżŞ·˘µÄľ«ËčˇŁ ¶ÔÓÚÇ°¶ËżŞ·˘Őß¶řŃÔŁ¬´úÂëľÍĘÇÎŇĂÇµÄ»ő±ŇˇŁÍ¨ąýŐĆÎŐ Vue3 µČĽĽĘőŁ¬ÎŇĂÇ˝«łéĎóµÄÂßĽ­×Ş»ŻÎŞÓĂ»§żÉĽűµÄ˝»»ĄĚĺŃéŁ¬´Ó¶ř´´ÔěĘµĽĘµÄľ­ĽĂĽŰÖµˇŁ ### ×Ü˝á ÎŢÂŰĘÇ±ŕĐ´ÂßĽ­»ąĘÇ´´Ôě˛Ć¸»Ł¬±ľÖĘ¶ĽĘÇ¶Ôˇ°ĘýľÝˇ±µÄľ«×ĽĽÝÔ¦ˇŁÉĆÓĂ Vue3 µÄĎěÓ¦Ę˝ĎµÍłŁ¬ČĂÄăµÄ´úÂë¸üľßĽŰÖµˇŁ', title_image='', description='Vue3Óë˝đÇ®ŁşÇ°¶ËżŞ·˘ŐßµÄĽŰÖµÂßĽ­ ÎÄŐÂ·ÖŔŕŁş Vue3 ÎÄŐÂ±ęÇ©Łş Ç°¶Ëˇ˘JS ŇýŃÔ Ç®ĘÇĘý×ÖŁ¬Ň˛ĘÇĽŰÖµˇŁÔÚÇ°¶ËżŞ·˘µÄĘŔ˝çŔďŁ¬Vue3 µÄşËĐÄ÷ČÁ¦ÔÚÓÚ¸ßĐ§µŘ´¦ŔíşÍĎěÓ¦ĘýľÝˇŁ˝«ˇ°Ç®ˇ±µÄ¸ĹÄîŇýČë Vue3 µÄżŞ·˘ËĽÎ¬Ł¬ÄÜ°ďÖúÎŇĂÇ¸üşĂµŘŔí˝âĘýľÝµÄĽŰÖµÓëÁ÷×ŞˇŁ ŐýÎÄ ÔÚ Vue3 ÖĐŁ¬ÎŇĂÇĘąÓĂ ref »ň reactive Ŕ´¶¨Ňĺ×´Ě¬ˇŁŐâľÍĎńąÜŔíÎŇĂÇµÄÇ®°üÓŕ¶îŁşŇ»µ©ĘýľÝ·˘Éú±ä»ŻŁ¨»¨·Ń»ňĘŐČëŁ©Ł¬ĘÓÍĽ»áÁ˘...', category_id=11, tags='Ç°¶Ë,js', visibility='PRIVATE', update_time='2026-05-13T15:07:06.180+0800' WHERE id=2

 Consume TimeŁş0 ms 2026-05-13 15:07:07
 Execute SQLŁşSELECT 1

 Consume TimeŁş0 ms 2026-05-13 15:07:07
 Execute SQLŁşSELECT id,username,password,nickname,avatar,bio,website,github_home,gitee_home,csdn_home,zhihu_home,create_time,update_time,is_deleted FROM t_user WHERE (username = 'admin1' AND is_deleted = 0)

 Consume TimeŁş0 ms 2026-05-13 15:07:07
 Execute SQLŁşSELECT id,username,role,create_time FROM t_user_role WHERE (username = 'admin1')

 Consume TimeŁş0 ms 2026-05-13 15:07:07
 Execute SQLŁşSELECT id,username,password,nickname,avatar,bio,website,github_home,gitee_home,csdn_home,zhihu_home,create_time,update_time,is_deleted FROM t_user WHERE (username = 'admin1' AND is_deleted = 0)

 Consume TimeŁş0 ms 2026-05-13 15:07:08
 Execute SQLŁşSELECT 1

 Consume TimeŁş0 ms 2026-05-13 15:07:08
 Execute SQLŁşSELECT id,username,password,nickname,avatar,bio,website,github_home,gitee_home,csdn_home,zhihu_home,create_time,update_time,is_deleted FROM t_user WHERE (username = 'admin1' AND is_deleted = 0)

 Consume TimeŁş0 ms 2026-05-13 15:07:08
 Execute SQLŁşSELECT id,username,role,create_time FROM t_user_role WHERE (username = 'admin1')

 Consume TimeŁş0 ms 2026-05-13 15:07:08
 Execute SQLŁşSELECT id,username,password,nickname,avatar,bio,website,github_home,gitee_home,csdn_home,zhihu_home,create_time,update_time,is_deleted FROM t_user WHERE (username = 'admin1' AND is_deleted = 0)

 Consume TimeŁş1 ms 2026-05-13 15:07:08
 Execute SQLŁşSELECT id,user_id,article_id,title,content,title_image,description,category_id,tags,visibility,create_time,update_time FROM t_article_draft WHERE (user_id = 1) ORDER BY update_time DESC

 Consume TimeŁş1 ms 2026-05-13 15:07:10
 Execute SQLŁşSELECT 1

 Consume TimeŁş0 ms 2026-05-13 15:07:10
 Execute SQLŁşSELECT id,username,password,nickname,avatar,bio,website,github_home,gitee_home,csdn_home,zhihu_home,create_time,update_time,is_deleted FROM t_user WHERE (username = 'admin1' AND is_deleted = 0)

 Consume TimeŁş0 ms 2026-05-13 15:07:10
 Execute SQLŁşSELECT id,username,role,create_time FROM t_user_role WHERE (username = 'admin1')

 Consume TimeŁş0 ms 2026-05-13 15:07:10
 Execute SQLŁşSELECT id,username,password,nickname,avatar,bio,website,github_home,gitee_home,csdn_home,zhihu_home,create_time,update_time,is_deleted FROM t_user WHERE (username = 'admin1' AND is_deleted = 0)

 Consume TimeŁş0 ms 2026-05-13 15:07:10
 Execute SQLŁşSELECT 1

 Consume TimeŁş0 ms 2026-05-13 15:07:10
 Execute SQLŁşSELECT 1

 Consume TimeŁş0 ms 2026-05-13 15:07:10
 Execute SQLŁşSELECT 1

 Consume TimeŁş0 ms 2026-05-13 15:07:10
 Execute SQLŁşSELECT id,username,password,nickname,avatar,bio,website,github_home,gitee_home,csdn_home,zhihu_home,create_time,update_time,is_deleted FROM t_user WHERE (username = 'admin1' AND is_deleted = 0)

 Consume TimeŁş0 ms 2026-05-13 15:07:10
 Execute SQLŁşSELECT id,username,password,nickname,avatar,bio,website,github_home,gitee_home,csdn_home,zhihu_home,create_time,update_time,is_deleted FROM t_user WHERE (username = 'admin1' AND is_deleted = 0)

 Consume TimeŁş0 ms 2026-05-13 15:07:10
 Execute SQLŁşSELECT id,username,password,nickname,avatar,bio,website,github_home,gitee_home,csdn_home,zhihu_home,create_time,update_time,is_deleted FROM t_user WHERE (username = 'admin1' AND is_deleted = 0)

 Consume TimeŁş0 ms 2026-05-13 15:07:10
 Execute SQLŁşSELECT id,username,role,create_time FROM t_user_role WHERE (username = 'admin1')

 Consume TimeŁş0 ms 2026-05-13 15:07:10
 Execute SQLŁşSELECT id,username,role,create_time FROM t_user_role WHERE (username = 'admin1')

 Consume TimeŁş0 ms 2026-05-13 15:07:10
 Execute SQLŁşSELECT id,username,password,nickname,avatar,bio,website,github_home,gitee_home,csdn_home,zhihu_home,create_time,update_time,is_deleted FROM t_user WHERE (username = 'admin1' AND is_deleted = 0)

 Consume TimeŁş0 ms 2026-05-13 15:07:10
 Execute SQLŁşSELECT id,username,role,create_time FROM t_user_role WHERE (username = 'admin1')

 Consume TimeŁş0 ms 2026-05-13 15:07:10
 Execute SQLŁşSELECT id,username,role,create_time FROM t_user_role WHERE (username = 'admin1')

 Consume TimeŁş1 ms 2026-05-13 15:07:10
 Execute SQLŁşSELECT id,username,password,nickname,avatar,bio,website,github_home,gitee_home,csdn_home,zhihu_home,create_time,update_time,is_deleted FROM t_user WHERE (username = 'admin1' AND is_deleted = 0)

 Consume TimeŁş1 ms 2026-05-13 15:07:10
 Execute SQLŁşSELECT id,username,password,nickname,avatar,bio,website,github_home,gitee_home,csdn_home,zhihu_home,create_time,update_time,is_deleted FROM t_user WHERE (username = 'admin1' AND is_deleted = 0)

 Consume TimeŁş0 ms 2026-05-13 15:07:10
 Execute SQLŁşSELECT id,username,password,nickname,avatar,bio,website,github_home,gitee_home,csdn_home,zhihu_home,create_time,update_time,is_deleted FROM t_user WHERE (username = 'admin1' AND is_deleted = 0)

 Consume TimeŁş1 ms 2026-05-13 15:07:10
 Execute SQLŁşSELECT id,user_id,name,create_time,update_time,is_deleted FROM t_category WHERE (user_id = 1 AND is_deleted = 0) ORDER BY create_time DESC

 Consume TimeŁş1 ms 2026-05-13 15:07:10
 Execute SQLŁşSELECT id,user_id,name,create_time,update_time,is_deleted FROM t_tag WHERE (user_id = 1 AND is_deleted = 0)

 Consume TimeŁş0 ms 2026-05-13 15:07:10
 Execute SQLŁşSELECT id,username,password,nickname,avatar,bio,website,github_home,gitee_home,csdn_home,zhihu_home,create_time,update_time,is_deleted FROM t_user WHERE (username = 'admin1' AND is_deleted = 0)

 Consume TimeŁş1 ms 2026-05-13 15:07:10
 Execute SQLŁşSELECT COUNT(*) AS total FROM t_article WHERE (user_id = 1 AND is_deleted = 0 AND title LIKE '%%')

 Consume TimeŁş1 ms 2026-05-13 15:07:10
 Execute SQLŁşSELECT id,user_id,article_id,title,content,title_image,description,category_id,tags,visibility,create_time,update_time FROM t_article_draft WHERE (user_id = 1) ORDER BY update_time DESC

 Consume TimeŁş1 ms 2026-05-13 15:07:10
 Execute SQLŁşSELECT id,user_id,title,title_image,description,visibility,create_time,update_time,is_deleted,read_num,like_num,favorite_num FROM t_article WHERE (user_id = 1 AND is_deleted = 0 AND title LIKE '%%') ORDER BY create_time DESC LIMIT 10

 Consume TimeŁş1 ms 2026-05-13 15:07:10
 Execute SQLŁşSELECT id,username,password,nickname,avatar,bio,website,github_home,gitee_home,csdn_home,zhihu_home,create_time,update_time,is_deleted FROM t_user WHERE (username = 'admin1' AND is_deleted = 0)

 Consume TimeŁş0 ms 2026-05-13 15:07:10
 Execute SQLŁşSELECT id,username,role,create_time FROM t_user_role WHERE (username = 'admin1')

 Consume TimeŁş1 ms 2026-05-13 15:07:10
 Execute SQLŁşSELECT id,username,password,nickname,avatar,bio,website,github_home,gitee_home,csdn_home,zhihu_home,create_time,update_time,is_deleted FROM t_user WHERE (username = 'admin1' AND is_deleted = 0)

 Consume TimeŁş0 ms 2026-05-13 15:07:10
 Execute SQLŁşSELECT id,user_id,name,create_time,update_time,is_deleted FROM t_category WHERE (user_id = 1 AND is_deleted = 0) ORDER BY create_time DESC

 Consume TimeŁş0 ms 2026-05-13 15:07:10
 Execute SQLŁşSELECT id,username,password,nickname,avatar,bio,website,github_home,gitee_home,csdn_home,zhihu_home,create_time,update_time,is_deleted FROM t_user WHERE (username = 'admin1' AND is_deleted = 0)

 Consume TimeŁş0 ms 2026-05-13 15:07:10
 Execute SQLŁşSELECT id,username,role,create_time FROM t_user_role WHERE (username = 'admin1')

 Consume TimeŁş0 ms 2026-05-13 15:07:10
 Execute SQLŁşSELECT id,username,password,nickname,avatar,bio,website,github_home,gitee_home,csdn_home,zhihu_home,create_time,update_time,is_deleted FROM t_user WHERE (username = 'admin1' AND is_deleted = 0)

 Consume TimeŁş0 ms 2026-05-13 15:07:10
 Execute SQLŁşSELECT id,user_id,name,create_time,update_time,is_deleted FROM t_tag WHERE (user_id = 1 AND is_deleted = 0)

 Consume TimeŁş0 ms 2026-05-13 15:07:21
 Execute SQLŁşSELECT 1

 Consume TimeŁş0 ms 2026-05-13 15:07:21
 Execute SQLŁşSELECT id,username,password,nickname,avatar,bio,website,github_home,gitee_home,csdn_home,zhihu_home,create_time,update_time,is_deleted FROM t_user WHERE (username = 'admin1' AND is_deleted = 0)

 Consume TimeŁş0 ms 2026-05-13 15:07:21
 Execute SQLŁşSELECT id,username,role,create_time FROM t_user_role WHERE (username = 'admin1')

 Consume TimeŁş1 ms 2026-05-13 15:07:21
 Execute SQLŁşSELECT id,username,password,nickname,avatar,bio,website,github_home,gitee_home,csdn_home,zhihu_home,create_time,update_time,is_deleted FROM t_user WHERE (username = 'admin1' AND is_deleted = 0)

 Consume TimeŁş0 ms 2026-05-13 15:07:23
 Execute SQLŁşSELECT 1

 Consume TimeŁş0 ms 2026-05-13 15:07:23
 Execute SQLŁşSELECT id,username,password,nickname,avatar,bio,website,github_home,gitee_home,csdn_home,zhihu_home,create_time,update_time,is_deleted FROM t_user WHERE (username = 'admin1' AND is_deleted = 0)

 Consume TimeŁş0 ms 2026-05-13 15:07:23
 Execute SQLŁşSELECT id,username,role,create_time FROM t_user_role WHERE (username = 'admin1')

 Consume TimeŁş0 ms 2026-05-13 15:07:23
 Execute SQLŁşSELECT id,username,password,nickname,avatar,bio,website,github_home,gitee_home,csdn_home,zhihu_home,create_time,update_time,is_deleted FROM t_user WHERE (username = 'admin1' AND is_deleted = 0)

 Consume TimeŁş0 ms 2026-05-13 15:07:23
 Execute SQLŁşSELECT 1

 Consume TimeŁş0 ms 2026-05-13 15:07:23
 Execute SQLŁşSELECT id,username,password,nickname,avatar,bio,website,github_home,gitee_home,csdn_home,zhihu_home,create_time,update_time,is_deleted FROM t_user WHERE (username = 'admin1' AND is_deleted = 0)

 Consume TimeŁş0 ms 2026-05-13 15:07:23
 Execute SQLŁşSELECT id,username,role,create_time FROM t_user_role WHERE (username = 'admin1')

 Consume TimeŁş0 ms 2026-05-13 15:07:23
 Execute SQLŁşSELECT id,username,password,nickname,avatar,bio,website,github_home,gitee_home,csdn_home,zhihu_home,create_time,update_time,is_deleted FROM t_user WHERE (username = 'admin1' AND is_deleted = 0)

 Consume TimeŁş1 ms 2026-05-13 15:07:23
 Execute SQLŁşSELECT id,user_id,article_id,title,content,title_image,description,category_id,tags,visibility,create_time,update_time FROM t_article_draft WHERE (user_id = 1) ORDER BY update_time DESC

 Consume TimeŁş0 ms 2026-05-13 15:07:24
 Execute SQLŁşSELECT 1

 Consume TimeŁş0 ms 2026-05-13 15:07:24
 Execute SQLŁşSELECT id,username,password,nickname,avatar,bio,website,github_home,gitee_home,csdn_home,zhihu_home,create_time,update_time,is_deleted FROM t_user WHERE (username = 'admin1' AND is_deleted = 0)

 Consume TimeŁş0 ms 2026-05-13 15:07:24
 Execute SQLŁşSELECT id,username,role,create_time FROM t_user_role WHERE (username = 'admin1')

 Consume TimeŁş0 ms 2026-05-13 15:07:24
 Execute SQLŁşSELECT id,username,password,nickname,avatar,bio,website,github_home,gitee_home,csdn_home,zhihu_home,create_time,update_time,is_deleted FROM t_user WHERE (username = 'admin1' AND is_deleted = 0)

 Consume TimeŁş0 ms 2026-05-13 15:07:25
 Execute SQLŁşSELECT 1

 Consume TimeŁş0 ms 2026-05-13 15:07:25
 Execute SQLŁşSELECT 1

 Consume TimeŁş0 ms 2026-05-13 15:07:25
 Execute SQLŁşSELECT 1

 Consume TimeŁş0 ms 2026-05-13 15:07:25
 Execute SQLŁşSELECT id,username,password,nickname,avatar,bio,website,github_home,gitee_home,csdn_home,zhihu_home,create_time,update_time,is_deleted FROM t_user WHERE (username = 'admin1' AND is_deleted = 0)

 Consume TimeŁş0 ms 2026-05-13 15:07:25
 Execute SQLŁşSELECT id,username,password,nickname,avatar,bio,website,github_home,gitee_home,csdn_home,zhihu_home,create_time,update_time,is_deleted FROM t_user WHERE (username = 'admin1' AND is_deleted = 0)

 Consume TimeŁş0 ms 2026-05-13 15:07:25
 Execute SQLŁşSELECT id,username,password,nickname,avatar,bio,website,github_home,gitee_home,csdn_home,zhihu_home,create_time,update_time,is_deleted FROM t_user WHERE (username = 'admin1' AND is_deleted = 0)

 Consume TimeŁş0 ms 2026-05-13 15:07:25
 Execute SQLŁşSELECT id,username,role,create_time FROM t_user_role WHERE (username = 'admin1')

 Consume TimeŁş0 ms 2026-05-13 15:07:25
 Execute SQLŁşSELECT id,username,role,create_time FROM t_user_role WHERE (username = 'admin1')

 Consume TimeŁş0 ms 2026-05-13 15:07:25
 Execute SQLŁşSELECT id,username,role,create_time FROM t_user_role WHERE (username = 'admin1')

 Consume TimeŁş1 ms 2026-05-13 15:07:25
 Execute SQLŁşSELECT id,username,password,nickname,avatar,bio,website,github_home,gitee_home,csdn_home,zhihu_home,create_time,update_time,is_deleted FROM t_user WHERE (username = 'admin1' AND is_deleted = 0)

 Consume TimeŁş0 ms 2026-05-13 15:07:25
 Execute SQLŁşSELECT id,username,password,nickname,avatar,bio,website,github_home,gitee_home,csdn_home,zhihu_home,create_time,update_time,is_deleted FROM t_user WHERE (username = 'admin1' AND is_deleted = 0)

 Consume TimeŁş1 ms 2026-05-13 15:07:25
 Execute SQLŁşSELECT id,username,password,nickname,avatar,bio,website,github_home,gitee_home,csdn_home,zhihu_home,create_time,update_time,is_deleted FROM t_user WHERE (username = 'admin1' AND is_deleted = 0)

 Consume TimeŁş0 ms 2026-05-13 15:07:25
 Execute SQLŁşSELECT id,user_id,name,create_time,update_time,is_deleted FROM t_tag WHERE (user_id = 1 AND is_deleted = 0)

 Consume TimeŁş0 ms 2026-05-13 15:07:25
 Execute SQLŁşSELECT id,user_id,name,create_time,update_time,is_deleted FROM t_category WHERE (user_id = 1 AND is_deleted = 0) ORDER BY create_time DESC

 Consume TimeŁş1 ms 2026-05-13 15:07:25
 Execute SQLŁşSELECT COUNT(*) AS total FROM t_article WHERE (user_id = 1 AND is_deleted = 0 AND title LIKE '%%')

 Consume TimeŁş1 ms 2026-05-13 15:07:25
 Execute SQLŁşSELECT id,user_id,title,title_image,description,visibility,create_time,update_time,is_deleted,read_num,like_num,favorite_num FROM t_article WHERE (user_id = 1 AND is_deleted = 0 AND title LIKE '%%') ORDER BY create_time DESC LIMIT 10

 Consume TimeŁş0 ms 2026-05-13 15:07:26
 Execute SQLŁşSELECT 1

 Consume TimeŁş0 ms 2026-05-13 15:07:26
 Execute SQLŁşSELECT id,username,password,nickname,avatar,bio,website,github_home,gitee_home,csdn_home,zhihu_home,create_time,update_time,is_deleted FROM t_user WHERE (username = 'admin1' AND is_deleted = 0)

 Consume TimeŁş0 ms 2026-05-13 15:07:26
 Execute SQLŁşSELECT id,username,role,create_time FROM t_user_role WHERE (username = 'admin1')

 Consume TimeŁş0 ms 2026-05-13 15:07:26
 Execute SQLŁşSELECT id,username,password,nickname,avatar,bio,website,github_home,gitee_home,csdn_home,zhihu_home,create_time,update_time,is_deleted FROM t_user WHERE (username = 'admin1' AND is_deleted = 0)

 Consume TimeŁş0 ms 2026-05-13 15:07:26
 Execute SQLŁşSELECT 1

 Consume TimeŁş0 ms 2026-05-13 15:07:26
 Execute SQLŁşSELECT id,username,password,nickname,avatar,bio,website,github_home,gitee_home,csdn_home,zhihu_home,create_time,update_time,is_deleted FROM t_user WHERE (username = 'admin1' AND is_deleted = 0)

 Consume TimeŁş0 ms 2026-05-13 15:07:26
 Execute SQLŁşSELECT id,username,role,create_time FROM t_user_role WHERE (username = 'admin1')

 Consume TimeŁş1 ms 2026-05-13 15:07:26
 Execute SQLŁşSELECT id,username,password,nickname,avatar,bio,website,github_home,gitee_home,csdn_home,zhihu_home,create_time,update_time,is_deleted FROM t_user WHERE (username = 'admin1' AND is_deleted = 0)

 Consume TimeŁş1 ms 2026-05-13 15:07:26
 Execute SQLŁşSELECT id,user_id,article_id,title,content,title_image,description,category_id,tags,visibility,create_time,update_time FROM t_article_draft WHERE (user_id = 1) ORDER BY update_time DESC

 Consume TimeŁş0 ms 2026-05-13 15:07:27
 Execute SQLŁşSELECT 1

 Consume TimeŁş0 ms 2026-05-13 15:07:27
 Execute SQLŁşSELECT id,username,password,nickname,avatar,bio,website,github_home,gitee_home,csdn_home,zhihu_home,create_time,update_time,is_deleted FROM t_user WHERE (username = 'admin1' AND is_deleted = 0)

 Consume TimeŁş0 ms 2026-05-13 15:07:27
 Execute SQLŁşSELECT id,username,role,create_time FROM t_user_role WHERE (username = 'admin1')

 Consume TimeŁş0 ms 2026-05-13 15:07:27
 Execute SQLŁşSELECT id,username,password,nickname,avatar,bio,website,github_home,gitee_home,csdn_home,zhihu_home,create_time,update_time,is_deleted FROM t_user WHERE (username = 'admin1' AND is_deleted = 0)

 Consume TimeŁş0 ms 2026-05-13 15:07:28
 Execute SQLŁşSELECT 1

 Consume TimeŁş0 ms 2026-05-13 15:07:28
 Execute SQLŁşSELECT 1

 Consume TimeŁş0 ms 2026-05-13 15:07:28
 Execute SQLŁşSELECT id,username,password,nickname,avatar,bio,website,github_home,gitee_home,csdn_home,zhihu_home,create_time,update_time,is_deleted FROM t_user WHERE (username = 'admin1' AND is_deleted = 0)

 Consume TimeŁş1 ms 2026-05-13 15:07:28
 Execute SQLŁşSELECT 1

 Consume TimeŁş0 ms 2026-05-13 15:07:28
 Execute SQLŁşSELECT id,username,password,nickname,avatar,bio,website,github_home,gitee_home,csdn_home,zhihu_home,create_time,update_time,is_deleted FROM t_user WHERE (username = 'admin1' AND is_deleted = 0)

 Consume TimeŁş0 ms 2026-05-13 15:07:28
 Execute SQLŁşSELECT id,username,password,nickname,avatar,bio,website,github_home,gitee_home,csdn_home,zhihu_home,create_time,update_time,is_deleted FROM t_user WHERE (username = 'admin1' AND is_deleted = 0)

 Consume TimeŁş0 ms 2026-05-13 15:07:28
 Execute SQLŁşSELECT id,username,role,create_time FROM t_user_role WHERE (username = 'admin1')

 Consume TimeŁş0 ms 2026-05-13 15:07:28
 Execute SQLŁşSELECT 1

 Consume TimeŁş0 ms 2026-05-13 15:07:28
 Execute SQLŁşSELECT id,username,role,create_time FROM t_user_role WHERE (username = 'admin1')

 Consume TimeŁş0 ms 2026-05-13 15:07:28
 Execute SQLŁşSELECT id,username,role,create_time FROM t_user_role WHERE (username = 'admin1')

 Consume TimeŁş0 ms 2026-05-13 15:07:28
 Execute SQLŁşSELECT id,username,password,nickname,avatar,bio,website,github_home,gitee_home,csdn_home,zhihu_home,create_time,update_time,is_deleted FROM t_user WHERE (username = 'admin1' AND is_deleted = 0)

 Consume TimeŁş0 ms 2026-05-13 15:07:28
 Execute SQLŁşSELECT id,username,role,create_time FROM t_user_role WHERE (username = 'admin1')

 Consume TimeŁş0 ms 2026-05-13 15:07:28
 Execute SQLŁşSELECT id,username,password,nickname,avatar,bio,website,github_home,gitee_home,csdn_home,zhihu_home,create_time,update_time,is_deleted FROM t_user WHERE (username = 'admin1' AND is_deleted = 0)

 Consume TimeŁş0 ms 2026-05-13 15:07:28
 Execute SQLŁşSELECT id,username,password,nickname,avatar,bio,website,github_home,gitee_home,csdn_home,zhihu_home,create_time,update_time,is_deleted FROM t_user WHERE (username = 'admin1' AND is_deleted = 0)

 Consume TimeŁş0 ms 2026-05-13 15:07:28
 Execute SQLŁşSELECT id,username,password,nickname,avatar,bio,website,github_home,gitee_home,csdn_home,zhihu_home,create_time,update_time,is_deleted FROM t_user WHERE (username = 'admin1' AND is_deleted = 0)

 Consume TimeŁş0 ms 2026-05-13 15:07:28
 Execute SQLŁşSELECT id,user_id,name,create_time,update_time,is_deleted FROM t_tag WHERE (user_id = 1 AND is_deleted = 0)

 Consume TimeŁş1 ms 2026-05-13 15:07:28
 Execute SQLŁşSELECT id,user_id,name,create_time,update_time,is_deleted FROM t_category WHERE (user_id = 1 AND is_deleted = 0) ORDER BY create_time DESC

 Consume TimeŁş1 ms 2026-05-13 15:07:28
 Execute SQLŁşSELECT id,username,password,nickname,avatar,bio,website,github_home,gitee_home,csdn_home,zhihu_home,create_time,update_time,is_deleted FROM t_user WHERE (username = 'admin1' AND is_deleted = 0)

 Consume TimeŁş1 ms 2026-05-13 15:07:28
 Execute SQLŁşSELECT COUNT(*) AS total FROM t_article WHERE (user_id = 1 AND is_deleted = 0 AND title LIKE '%%')

 Consume TimeŁş1 ms 2026-05-13 15:07:28
 Execute SQLŁşSELECT id,user_id,article_id,title,content,title_image,description,category_id,tags,visibility,create_time,update_time FROM t_article_draft WHERE (user_id = 1) ORDER BY update_time DESC

 Consume TimeŁş0 ms 2026-05-13 15:07:28
 Execute SQLŁşSELECT id,user_id,title,title_image,description,visibility,create_time,update_time,is_deleted,read_num,like_num,favorite_num FROM t_article WHERE (user_id = 1 AND is_deleted = 0 AND title LIKE '%%') ORDER BY create_time DESC LIMIT 10

 Consume TimeŁş0 ms 2026-05-13 15:07:28
 Execute SQLŁşSELECT 1

 Consume TimeŁş0 ms 2026-05-13 15:07:28
 Execute SQLŁşSELECT id,username,password,nickname,avatar,bio,website,github_home,gitee_home,csdn_home,zhihu_home,create_time,update_time,is_deleted FROM t_user WHERE (username = 'admin1' AND is_deleted = 0)

 Consume TimeŁş0 ms 2026-05-13 15:07:28
 Execute SQLŁşSELECT id,username,role,create_time FROM t_user_role WHERE (username = 'admin1')

 Consume TimeŁş0 ms 2026-05-13 15:07:28
 Execute SQLŁşSELECT id,username,password,nickname,avatar,bio,website,github_home,gitee_home,csdn_home,zhihu_home,create_time,update_time,is_deleted FROM t_user WHERE (username = 'admin1' AND is_deleted = 0)

 Consume TimeŁş0 ms 2026-05-13 15:07:28
 Execute SQLŁşSELECT id,user_id,name,create_time,update_time,is_deleted FROM t_category WHERE (user_id = 1 AND is_deleted = 0) ORDER BY create_time DESC

 Consume TimeŁş0 ms 2026-05-13 15:07:28
 Execute SQLŁşSELECT id,username,password,nickname,avatar,bio,website,github_home,gitee_home,csdn_home,zhihu_home,create_time,update_time,is_deleted FROM t_user WHERE (username = 'admin1' AND is_deleted = 0)

 Consume TimeŁş0 ms 2026-05-13 15:07:28
 Execute SQLŁşSELECT id,username,role,create_time FROM t_user_role WHERE (username = 'admin1')

 Consume TimeŁş0 ms 2026-05-13 15:07:28
 Execute SQLŁşSELECT id,username,password,nickname,avatar,bio,website,github_home,gitee_home,csdn_home,zhihu_home,create_time,update_time,is_deleted FROM t_user WHERE (username = 'admin1' AND is_deleted = 0)

 Consume TimeŁş0 ms 2026-05-13 15:07:28
 Execute SQLŁşSELECT id,user_id,name,create_time,update_time,is_deleted FROM t_tag WHERE (user_id = 1 AND is_deleted = 0)

 Consume TimeŁş0 ms 2026-05-13 15:07:35
 Execute SQLŁşSELECT 1

 Consume TimeŁş0 ms 2026-05-13 15:07:35
 Execute SQLŁşSELECT id,username,password,nickname,avatar,bio,website,github_home,gitee_home,csdn_home,zhihu_home,create_time,update_time,is_deleted FROM t_user WHERE (username = 'admin1' AND is_deleted = 0)

 Consume TimeŁş0 ms 2026-05-13 15:07:35
 Execute SQLŁşSELECT id,username,role,create_time FROM t_user_role WHERE (username = 'admin1')

 Consume TimeŁş0 ms 2026-05-13 15:07:43
 Execute SQLŁşSELECT 1

 Consume TimeŁş0 ms 2026-05-13 15:07:43
 Execute SQLŁşSELECT id,username,password,nickname,avatar,bio,website,github_home,gitee_home,csdn_home,zhihu_home,create_time,update_time,is_deleted FROM t_user WHERE (username = 'admin1' AND is_deleted = 0)

 Consume TimeŁş0 ms 2026-05-13 15:07:43
 Execute SQLŁşSELECT id,username,role,create_time FROM t_user_role WHERE (username = 'admin1')

 Consume TimeŁş0 ms 2026-05-13 15:07:43
 Execute SQLŁşSELECT id,username,password,nickname,avatar,bio,website,github_home,gitee_home,csdn_home,zhihu_home,create_time,update_time,is_deleted FROM t_user WHERE (username = 'admin1' AND is_deleted = 0)

 Consume TimeŁş0 ms 2026-05-13 15:07:43
 Execute SQLŁşSELECT id,user_id,name,create_time,update_time,is_deleted FROM t_category WHERE id=11 

 Consume TimeŁş0 ms 2026-05-13 15:07:43
 Execute SQLŁşINSERT INTO t_article ( user_id, title, title_image, description, visibility ) VALUES ( 1, 'Vue3Óë˝đÇ®ŁşÇ°¶ËżŞ·˘ŐßµÄĽŰÖµÂßĽ­', 'http://127.0.0.1:8081/uploads/d1bdcd135c9b4e7290ccf8403be0e474.png', 'Vue3Óë˝đÇ®ŁşÇ°¶ËżŞ·˘ŐßµÄĽŰÖµÂßĽ­ ÎÄŐÂ·ÖŔŕŁş Vue3 ÎÄŐÂ±ęÇ©Łş Ç°¶Ëˇ˘JS ŇýŃÔ Ç®ĘÇĘý×ÖŁ¬Ň˛ĘÇĽŰÖµˇŁÔÚÇ°¶ËżŞ·˘µÄĘŔ˝çŔďŁ¬Vue3 µÄşËĐÄ÷ČÁ¦ÔÚÓÚ¸ßĐ§µŘ´¦ŔíşÍĎěÓ¦ĘýľÝˇŁ˝«ˇ°Ç®ˇ±µÄ¸ĹÄîŇýČë Vue3 µÄżŞ·˘ËĽÎ¬Ł¬ÄÜ°ďÖúÎŇĂÇ¸üşĂµŘŔí˝âĘýľÝµÄĽŰÖµÓëÁ÷×ŞˇŁ ŐýÎÄ ÔÚ Vue3 ÖĐŁ¬ÎŇĂÇĘąÓĂ ref »ň reactive Ŕ´¶¨Ňĺ×´Ě¬ˇŁŐâľÍĎńąÜŔíÎŇĂÇµÄÇ®°üÓŕ¶îŁşŇ»µ©ĘýľÝ·˘Éú±ä»ŻŁ¨»¨·Ń»ňĘŐČëŁ©Ł¬ĘÓÍĽ»áÁ˘...', 'PUBLIC' )

 Consume TimeŁş0 ms 2026-05-13 15:07:43
 Execute SQLŁşINSERT INTO t_article_content ( article_id, content ) VALUES ( 9, '# Vue3Óë˝đÇ®ŁşÇ°¶ËżŞ·˘ŐßµÄĽŰÖµÂßĽ­ **ÎÄŐÂ·ÖŔŕŁş** Vue3 **ÎÄŐÂ±ęÇ©Łş** Ç°¶Ëˇ˘JS ### ŇýŃÔ Ç®ĘÇĘý×ÖŁ¬Ň˛ĘÇĽŰÖµˇŁÔÚÇ°¶ËżŞ·˘µÄĘŔ˝çŔďŁ¬Vue3 µÄşËĐÄ÷ČÁ¦ÔÚÓÚ¸ßĐ§µŘ´¦ŔíşÍĎěÓ¦ĘýľÝˇŁ˝«ˇ°Ç®ˇ±µÄ¸ĹÄîŇýČë Vue3 µÄżŞ·˘ËĽÎ¬Ł¬ÄÜ°ďÖúÎŇĂÇ¸üşĂµŘŔí˝âĘýľÝµÄĽŰÖµÓëÁ÷×ŞˇŁ ### ŐýÎÄ ÔÚ Vue3 ÖĐŁ¬ÎŇĂÇĘąÓĂ `ref` »ň `reactive` Ŕ´¶¨Ňĺ×´Ě¬ˇŁŐâľÍĎńąÜŔíÎŇĂÇµÄÇ®°üÓŕ¶îŁşŇ»µ©ĘýľÝ·˘Éú±ä»ŻŁ¨»¨·Ń»ňĘŐČëŁ©Ł¬ĘÓÍĽ»áÁ˘Ľ´ĎěÓ¦¸üĐÂˇŁŐâÖÖˇ°ĘýľÝÇý¶ŻĘÓÍĽˇ±µÄ»úÖĆŁ¬ŐýĘÇÇ°¶ËżŞ·˘µÄľ«ËčˇŁ ¶ÔÓÚÇ°¶ËżŞ·˘Őß¶řŃÔŁ¬´úÂëľÍĘÇÎŇĂÇµÄ»ő±ŇˇŁÍ¨ąýŐĆÎŐ Vue3 µČĽĽĘőŁ¬ÎŇĂÇ˝«łéĎóµÄÂßĽ­×Ş»ŻÎŞÓĂ»§żÉĽűµÄ˝»»ĄĚĺŃéŁ¬´Ó¶ř´´ÔěĘµĽĘµÄľ­ĽĂĽŰÖµˇŁ ### ×Ü˝á ÎŢÂŰĘÇ±ŕĐ´ÂßĽ­»ąĘÇ´´Ôě˛Ć¸»Ł¬±ľÖĘ¶ĽĘÇ¶Ôˇ°ĘýľÝˇ±µÄľ«×ĽĽÝÔ¦ˇŁÉĆÓĂ Vue3 µÄĎěÓ¦Ę˝ĎµÍłŁ¬ČĂÄăµÄ´úÂë¸üľßĽŰÖµˇŁ' )

 Consume TimeŁş0 ms 2026-05-13 15:07:43
 Execute SQLŁşINSERT INTO t_article_category_rel ( article_id, category_id ) VALUES ( 9, 11 )

 Consume TimeŁş0 ms 2026-05-13 15:07:43
 Execute SQLŁşSELECT id,user_id,name,create_time,update_time,is_deleted FROM t_tag WHERE (user_id = 1 AND is_deleted = 0)

 Consume TimeŁş1 ms 2026-05-13 15:07:43
 Execute SQLŁşINSERT INTO t_tag ( user_id, create_time, update_time, is_deleted ) VALUES ( 1, '2026-05-13T15:07:43.379+0800', '2026-05-13T15:07:43.379+0800', false )


